{"C:\\Users\\Niko\\Documents\\AMOS\\amos-ss2021-bike-nest\\code\\App.js": {"path":"C:\\Users\\Niko\\Documents\\AMOS\\amos-ss2021-bike-nest\\code\\App.js","statementMap":{"0":{"start":{"line":21,"column":2},"end":{"line":39,"column":4}},"1":{"start":{"line":42,"column":21},"end":{"line":42,"column":43}}},"fnMap":{"0":{"name":"App","decl":{"start":{"line":19,"column":24},"end":{"line":19,"column":27}},"loc":{"start":{"line":19,"column":30},"end":{"line":40,"column":1}},"line":19}},"branchMap":{},"s":{"0":2,"1":1},"f":{"0":2},"b":{},"_coverageSchema":"1a1c01bbd47fc00a2c39e90264f33305004495a9","hash":"289a10fe6819c1030085d3a27c4aca42618aaaf6"}
,"C:\\Users\\Niko\\Documents\\AMOS\\amos-ss2021-bike-nest\\code\\components\\BikeNest_Button.js": {"path":"C:\\Users\\Niko\\Documents\\AMOS\\amos-ss2021-bike-nest\\code\\components\\BikeNest_Button.js","statementMap":{"0":{"start":{"line":5,"column":27},"end":{"line":5,"column":99}},"1":{"start":{"line":10,"column":8},"end":{"line":14,"column":9}},"2":{"start":{"line":11,"column":12},"end":{"line":11,"column":28}},"3":{"start":{"line":13,"column":12},"end":{"line":13,"column":45}},"4":{"start":{"line":17,"column":19},"end":{"line":25,"column":5}},"5":{"start":{"line":18,"column":8},"end":{"line":24,"column":9}},"6":{"start":{"line":19,"column":12},"end":{"line":23,"column":13}},"7":{"start":{"line":27,"column":25},"end":{"line":50,"column":5}},"8":{"start":{"line":28,"column":26},"end":{"line":28,"column":48}},"9":{"start":{"line":30,"column":8},"end":{"line":47,"column":9}},"10":{"start":{"line":31,"column":12},"end":{"line":42,"column":13}},"11":{"start":{"line":32,"column":16},"end":{"line":32,"column":51}},"12":{"start":{"line":34,"column":17},"end":{"line":42,"column":13}},"13":{"start":{"line":35,"column":16},"end":{"line":35,"column":54}},"14":{"start":{"line":37,"column":17},"end":{"line":42,"column":13}},"15":{"start":{"line":38,"column":16},"end":{"line":38,"column":53}},"16":{"start":{"line":40,"column":17},"end":{"line":42,"column":13}},"17":{"start":{"line":41,"column":16},"end":{"line":41,"column":61}},"18":{"start":{"line":44,"column":12},"end":{"line":46,"column":13}},"19":{"start":{"line":45,"column":16},"end":{"line":45,"column":92}},"20":{"start":{"line":49,"column":8},"end":{"line":49,"column":27}},"21":{"start":{"line":52,"column":23},"end":{"line":60,"column":5}},"22":{"start":{"line":53,"column":24},"end":{"line":53,"column":45}},"23":{"start":{"line":55,"column":8},"end":{"line":57,"column":9}},"24":{"start":{"line":56,"column":12},"end":{"line":56,"column":72}},"25":{"start":{"line":59,"column":8},"end":{"line":59,"column":25}},"26":{"start":{"line":62,"column":23},"end":{"line":70,"column":5}},"27":{"start":{"line":63,"column":24},"end":{"line":63,"column":54}},"28":{"start":{"line":65,"column":8},"end":{"line":67,"column":9}},"29":{"start":{"line":66,"column":12},"end":{"line":66,"column":58}},"30":{"start":{"line":69,"column":8},"end":{"line":69,"column":25}},"31":{"start":{"line":72,"column":23},"end":{"line":80,"column":5}},"32":{"start":{"line":73,"column":25},"end":{"line":73,"column":50}},"33":{"start":{"line":75,"column":8},"end":{"line":77,"column":9}},"34":{"start":{"line":76,"column":12},"end":{"line":76,"column":54}},"35":{"start":{"line":79,"column":8},"end":{"line":79,"column":26}},"36":{"start":{"line":82,"column":21},"end":{"line":96,"column":5}},"37":{"start":{"line":83,"column":26},"end":{"line":83,"column":42}},"38":{"start":{"line":84,"column":24},"end":{"line":84,"column":38}},"39":{"start":{"line":85,"column":24},"end":{"line":85,"column":38}},"40":{"start":{"line":86,"column":24},"end":{"line":86,"column":38}},"41":{"start":{"line":88,"column":8},"end":{"line":95,"column":10}},"42":{"start":{"line":89,"column":65},"end":{"line":89,"column":74}},"43":{"start":{"line":99,"column":4},"end":{"line":101,"column":6}}},"fnMap":{"0":{"name":"BikeNest_Button","decl":{"start":{"line":7,"column":24},"end":{"line":7,"column":39}},"loc":{"start":{"line":7,"column":47},"end":{"line":102,"column":1}},"line":7},"1":{"name":"onPress","decl":{"start":{"line":9,"column":13},"end":{"line":9,"column":20}},"loc":{"start":{"line":9,"column":23},"end":{"line":15,"column":5}},"line":9},"2":{"name":"(anonymous_2)","decl":{"start":{"line":17,"column":19},"end":{"line":17,"column":20}},"loc":{"start":{"line":17,"column":34},"end":{"line":25,"column":5}},"line":17},"3":{"name":"(anonymous_3)","decl":{"start":{"line":27,"column":25},"end":{"line":27,"column":26}},"loc":{"start":{"line":27,"column":31},"end":{"line":50,"column":5}},"line":27},"4":{"name":"(anonymous_4)","decl":{"start":{"line":52,"column":23},"end":{"line":52,"column":24}},"loc":{"start":{"line":52,"column":29},"end":{"line":60,"column":5}},"line":52},"5":{"name":"(anonymous_5)","decl":{"start":{"line":62,"column":23},"end":{"line":62,"column":24}},"loc":{"start":{"line":62,"column":29},"end":{"line":70,"column":5}},"line":62},"6":{"name":"(anonymous_6)","decl":{"start":{"line":72,"column":23},"end":{"line":72,"column":24}},"loc":{"start":{"line":72,"column":29},"end":{"line":80,"column":5}},"line":72},"7":{"name":"(anonymous_7)","decl":{"start":{"line":82,"column":21},"end":{"line":82,"column":22}},"loc":{"start":{"line":82,"column":27},"end":{"line":96,"column":5}},"line":82},"8":{"name":"(anonymous_8)","decl":{"start":{"line":89,"column":59},"end":{"line":89,"column":60}},"loc":{"start":{"line":89,"column":65},"end":{"line":89,"column":74}},"line":89}},"branchMap":{"0":{"loc":{"start":{"line":10,"column":8},"end":{"line":14,"column":9}},"type":"if","locations":[{"start":{"line":10,"column":8},"end":{"line":14,"column":9}},{"start":{"line":10,"column":8},"end":{"line":14,"column":9}}],"line":10},"1":{"loc":{"start":{"line":18,"column":8},"end":{"line":24,"column":9}},"type":"if","locations":[{"start":{"line":18,"column":8},"end":{"line":24,"column":9}},{"start":{"line":18,"column":8},"end":{"line":24,"column":9}}],"line":18},"2":{"loc":{"start":{"line":18,"column":12},"end":{"line":18,"column":59}},"type":"binary-expr","locations":[{"start":{"line":18,"column":13},"end":{"line":18,"column":35}},{"start":{"line":18,"column":41},"end":{"line":18,"column":58}}],"line":18},"3":{"loc":{"start":{"line":30,"column":8},"end":{"line":47,"column":9}},"type":"if","locations":[{"start":{"line":30,"column":8},"end":{"line":47,"column":9}},{"start":{"line":30,"column":8},"end":{"line":47,"column":9}}],"line":30},"4":{"loc":{"start":{"line":31,"column":12},"end":{"line":42,"column":13}},"type":"if","locations":[{"start":{"line":31,"column":12},"end":{"line":42,"column":13}},{"start":{"line":31,"column":12},"end":{"line":42,"column":13}}],"line":31},"5":{"loc":{"start":{"line":34,"column":17},"end":{"line":42,"column":13}},"type":"if","locations":[{"start":{"line":34,"column":17},"end":{"line":42,"column":13}},{"start":{"line":34,"column":17},"end":{"line":42,"column":13}}],"line":34},"6":{"loc":{"start":{"line":37,"column":17},"end":{"line":42,"column":13}},"type":"if","locations":[{"start":{"line":37,"column":17},"end":{"line":42,"column":13}},{"start":{"line":37,"column":17},"end":{"line":42,"column":13}}],"line":37},"7":{"loc":{"start":{"line":40,"column":17},"end":{"line":42,"column":13}},"type":"if","locations":[{"start":{"line":40,"column":17},"end":{"line":42,"column":13}},{"start":{"line":40,"column":17},"end":{"line":42,"column":13}}],"line":40},"8":{"loc":{"start":{"line":44,"column":12},"end":{"line":46,"column":13}},"type":"if","locations":[{"start":{"line":44,"column":12},"end":{"line":46,"column":13}},{"start":{"line":44,"column":12},"end":{"line":46,"column":13}}],"line":44},"9":{"loc":{"start":{"line":55,"column":8},"end":{"line":57,"column":9}},"type":"if","locations":[{"start":{"line":55,"column":8},"end":{"line":57,"column":9}},{"start":{"line":55,"column":8},"end":{"line":57,"column":9}}],"line":55},"10":{"loc":{"start":{"line":65,"column":8},"end":{"line":67,"column":9}},"type":"if","locations":[{"start":{"line":65,"column":8},"end":{"line":67,"column":9}},{"start":{"line":65,"column":8},"end":{"line":67,"column":9}}],"line":65},"11":{"loc":{"start":{"line":65,"column":12},"end":{"line":65,"column":78}},"type":"binary-expr","locations":[{"start":{"line":65,"column":13},"end":{"line":65,"column":31}},{"start":{"line":65,"column":37},"end":{"line":65,"column":77}}],"line":65},"12":{"loc":{"start":{"line":75,"column":8},"end":{"line":77,"column":9}},"type":"if","locations":[{"start":{"line":75,"column":8},"end":{"line":77,"column":9}},{"start":{"line":75,"column":8},"end":{"line":77,"column":9}}],"line":75},"13":{"loc":{"start":{"line":75,"column":12},"end":{"line":75,"column":78}},"type":"binary-expr","locations":[{"start":{"line":75,"column":13},"end":{"line":75,"column":31}},{"start":{"line":75,"column":37},"end":{"line":75,"column":77}}],"line":75}},"s":{"0":1,"1":0,"2":0,"3":0,"4":0,"5":0,"6":0,"7":0,"8":0,"9":0,"10":0,"11":0,"12":0,"13":0,"14":0,"15":0,"16":0,"17":0,"18":0,"19":0,"20":0,"21":0,"22":0,"23":0,"24":0,"25":0,"26":0,"27":0,"28":0,"29":0,"30":0,"31":0,"32":0,"33":0,"34":0,"35":0,"36":0,"37":0,"38":0,"39":0,"40":0,"41":0,"42":0,"43":0},"f":{"0":0,"1":0,"2":0,"3":0,"4":0,"5":0,"6":0,"7":0,"8":0},"b":{"0":[0,0],"1":[0,0],"2":[0,0],"3":[0,0],"4":[0,0],"5":[0,0],"6":[0,0],"7":[0,0],"8":[0,0],"9":[0,0],"10":[0,0],"11":[0,0],"12":[0,0],"13":[0,0]},"_coverageSchema":"1a1c01bbd47fc00a2c39e90264f33305004495a9","hash":"f67333919e604db64937a24035d1ae44aa8bff80"}
,"C:\\Users\\Niko\\Documents\\AMOS\\amos-ss2021-bike-nest\\code\\components\\BikeNest_CheckBox.js": {"path":"C:\\Users\\Niko\\Documents\\AMOS\\amos-ss2021-bike-nest\\code\\components\\BikeNest_CheckBox.js","statementMap":{"0":{"start":{"line":7,"column":48},"end":{"line":7,"column":76}},"1":{"start":{"line":10,"column":8},"end":{"line":12,"column":9}},"2":{"start":{"line":11,"column":12},"end":{"line":11,"column":32}},"3":{"start":{"line":15,"column":4},"end":{"line":25,"column":6}},"4":{"start":{"line":18,"column":31},"end":{"line":18,"column":43}},"5":{"start":{"line":21,"column":31},"end":{"line":21,"column":65}}},"fnMap":{"0":{"name":"BikeNest_CheckBox","decl":{"start":{"line":6,"column":24},"end":{"line":6,"column":41}},"loc":{"start":{"line":6,"column":49},"end":{"line":26,"column":1}},"line":6},"1":{"name":"onPressTxt","decl":{"start":{"line":9,"column":13},"end":{"line":9,"column":23}},"loc":{"start":{"line":9,"column":26},"end":{"line":13,"column":5}},"line":9},"2":{"name":"(anonymous_2)","decl":{"start":{"line":18,"column":25},"end":{"line":18,"column":26}},"loc":{"start":{"line":18,"column":31},"end":{"line":18,"column":43}},"line":18},"3":{"name":"(anonymous_3)","decl":{"start":{"line":21,"column":25},"end":{"line":21,"column":26}},"loc":{"start":{"line":21,"column":31},"end":{"line":21,"column":65}},"line":21}},"branchMap":{"0":{"loc":{"start":{"line":10,"column":8},"end":{"line":12,"column":9}},"type":"if","locations":[{"start":{"line":10,"column":8},"end":{"line":12,"column":9}},{"start":{"line":10,"column":8},"end":{"line":12,"column":9}}],"line":10}},"s":{"0":0,"1":0,"2":0,"3":0,"4":0,"5":0},"f":{"0":0,"1":0,"2":0,"3":0},"b":{"0":[0,0]},"_coverageSchema":"1a1c01bbd47fc00a2c39e90264f33305004495a9","hash":"4fbc59fc42fa666b603c92ff146d5014cd0c7bd7"}
,"C:\\Users\\Niko\\Documents\\AMOS\\amos-ss2021-bike-nest\\code\\components\\BikeNest_Modal.js": {"path":"C:\\Users\\Niko\\Documents\\AMOS\\amos-ss2021-bike-nest\\code\\components\\BikeNest_Modal.js","statementMap":{"0":{"start":{"line":10,"column":8},"end":{"line":14,"column":9}},"1":{"start":{"line":11,"column":12},"end":{"line":11,"column":28}},"2":{"start":{"line":13,"column":12},"end":{"line":13,"column":45}},"3":{"start":{"line":18,"column":8},"end":{"line":22,"column":9}},"4":{"start":{"line":19,"column":12},"end":{"line":19,"column":35}},"5":{"start":{"line":21,"column":12},"end":{"line":21,"column":52}},"6":{"start":{"line":25,"column":4},"end":{"line":45,"column":19}},"7":{"start":{"line":30,"column":34},"end":{"line":30,"column":50}},"8":{"start":{"line":40,"column":43},"end":{"line":40,"column":52}}},"fnMap":{"0":{"name":"BikeNest_Modal","decl":{"start":{"line":7,"column":24},"end":{"line":7,"column":38}},"loc":{"start":{"line":7,"column":46},"end":{"line":46,"column":1}},"line":7},"1":{"name":"onPress","decl":{"start":{"line":9,"column":13},"end":{"line":9,"column":20}},"loc":{"start":{"line":9,"column":23},"end":{"line":15,"column":5}},"line":9},"2":{"name":"onRequestClose","decl":{"start":{"line":17,"column":13},"end":{"line":17,"column":27}},"loc":{"start":{"line":17,"column":30},"end":{"line":23,"column":5}},"line":17},"3":{"name":"(anonymous_3)","decl":{"start":{"line":30,"column":28},"end":{"line":30,"column":29}},"loc":{"start":{"line":30,"column":34},"end":{"line":30,"column":50}},"line":30},"4":{"name":"(anonymous_4)","decl":{"start":{"line":40,"column":37},"end":{"line":40,"column":38}},"loc":{"start":{"line":40,"column":43},"end":{"line":40,"column":52}},"line":40}},"branchMap":{"0":{"loc":{"start":{"line":10,"column":8},"end":{"line":14,"column":9}},"type":"if","locations":[{"start":{"line":10,"column":8},"end":{"line":14,"column":9}},{"start":{"line":10,"column":8},"end":{"line":14,"column":9}}],"line":10},"1":{"loc":{"start":{"line":18,"column":8},"end":{"line":22,"column":9}},"type":"if","locations":[{"start":{"line":18,"column":8},"end":{"line":22,"column":9}},{"start":{"line":18,"column":8},"end":{"line":22,"column":9}}],"line":18},"2":{"loc":{"start":{"line":33,"column":17},"end":{"line":43,"column":35}},"type":"cond-expr","locations":[{"start":{"line":34,"column":20},"end":{"line":42,"column":27}},{"start":{"line":43,"column":22},"end":{"line":43,"column":35}}],"line":33}},"s":{"0":0,"1":0,"2":0,"3":0,"4":0,"5":0,"6":0,"7":0,"8":0},"f":{"0":0,"1":0,"2":0,"3":0,"4":0},"b":{"0":[0,0],"1":[0,0],"2":[0,0]},"_coverageSchema":"1a1c01bbd47fc00a2c39e90264f33305004495a9","hash":"388d8e917eca5dd64059414993573344e0699505"}
,"C:\\Users\\Niko\\Documents\\AMOS\\amos-ss2021-bike-nest\\code\\components\\BikeNest_NavigationFooter.js": {"path":"C:\\Users\\Niko\\Documents\\AMOS\\amos-ss2021-bike-nest\\code\\components\\BikeNest_NavigationFooter.js","statementMap":{"0":{"start":{"line":8,"column":23},"end":{"line":8,"column":38}},"1":{"start":{"line":10,"column":4},"end":{"line":42,"column":6}},"2":{"start":{"line":16,"column":31},"end":{"line":16,"column":61}},"3":{"start":{"line":22,"column":31},"end":{"line":22,"column":58}},"4":{"start":{"line":27,"column":31},"end":{"line":27,"column":77}},"5":{"start":{"line":33,"column":31},"end":{"line":33,"column":66}},"6":{"start":{"line":39,"column":31},"end":{"line":39,"column":61}}},"fnMap":{"0":{"name":"BikeNest_NavigationFooter","decl":{"start":{"line":7,"column":24},"end":{"line":7,"column":49}},"loc":{"start":{"line":7,"column":52},"end":{"line":43,"column":1}},"line":7},"1":{"name":"(anonymous_1)","decl":{"start":{"line":16,"column":25},"end":{"line":16,"column":26}},"loc":{"start":{"line":16,"column":31},"end":{"line":16,"column":61}},"line":16},"2":{"name":"(anonymous_2)","decl":{"start":{"line":22,"column":25},"end":{"line":22,"column":26}},"loc":{"start":{"line":22,"column":31},"end":{"line":22,"column":58}},"line":22},"3":{"name":"(anonymous_3)","decl":{"start":{"line":27,"column":25},"end":{"line":27,"column":26}},"loc":{"start":{"line":27,"column":31},"end":{"line":27,"column":77}},"line":27},"4":{"name":"(anonymous_4)","decl":{"start":{"line":33,"column":25},"end":{"line":33,"column":26}},"loc":{"start":{"line":33,"column":31},"end":{"line":33,"column":66}},"line":33},"5":{"name":"(anonymous_5)","decl":{"start":{"line":39,"column":25},"end":{"line":39,"column":26}},"loc":{"start":{"line":39,"column":31},"end":{"line":39,"column":61}},"line":39}},"branchMap":{},"s":{"0":0,"1":0,"2":0,"3":0,"4":0,"5":0,"6":0},"f":{"0":0,"1":0,"2":0,"3":0,"4":0,"5":0},"b":{},"_coverageSchema":"1a1c01bbd47fc00a2c39e90264f33305004495a9","hash":"b3043f269ed1fe0370a3f76f93ff3df758e24b35"}
,"C:\\Users\\Niko\\Documents\\AMOS\\amos-ss2021-bike-nest\\code\\components\\BikeNest_TextInput.js": {"path":"C:\\Users\\Niko\\Documents\\AMOS\\amos-ss2021-bike-nest\\code\\components\\BikeNest_TextInput.js","statementMap":{"0":{"start":{"line":9,"column":8},"end":{"line":11,"column":9}},"1":{"start":{"line":10,"column":12},"end":{"line":10,"column":38}},"2":{"start":{"line":14,"column":4},"end":{"line":22,"column":6}},"3":{"start":{"line":19,"column":37},"end":{"line":19,"column":56}}},"fnMap":{"0":{"name":"BikeNest_TextInput","decl":{"start":{"line":6,"column":24},"end":{"line":6,"column":42}},"loc":{"start":{"line":6,"column":50},"end":{"line":23,"column":1}},"line":6},"1":{"name":"onChangeText","decl":{"start":{"line":8,"column":13},"end":{"line":8,"column":25}},"loc":{"start":{"line":8,"column":33},"end":{"line":12,"column":5}},"line":8},"2":{"name":"(anonymous_2)","decl":{"start":{"line":19,"column":26},"end":{"line":19,"column":27}},"loc":{"start":{"line":19,"column":37},"end":{"line":19,"column":56}},"line":19}},"branchMap":{"0":{"loc":{"start":{"line":9,"column":8},"end":{"line":11,"column":9}},"type":"if","locations":[{"start":{"line":9,"column":8},"end":{"line":11,"column":9}},{"start":{"line":9,"column":8},"end":{"line":11,"column":9}}],"line":9}},"s":{"0":0,"1":0,"2":0,"3":0},"f":{"0":0,"1":0,"2":0},"b":{"0":[0,0]},"_coverageSchema":"1a1c01bbd47fc00a2c39e90264f33305004495a9","hash":"5d554e8e580f6e7e790ab55f4ea607478dab09f0"}
,"C:\\Users\\Niko\\Documents\\AMOS\\amos-ss2021-bike-nest\\code\\components\\CreateAccountManually.js": {"path":"C:\\Users\\Niko\\Documents\\AMOS\\amos-ss2021-bike-nest\\code\\components\\CreateAccountManually.js","statementMap":{"0":{"start":{"line":13,"column":22},"end":{"line":13,"column":39}},"1":{"start":{"line":14,"column":38},"end":{"line":14,"column":50}},"2":{"start":{"line":15,"column":36},"end":{"line":15,"column":48}},"3":{"start":{"line":16,"column":30},"end":{"line":16,"column":42}},"4":{"start":{"line":17,"column":36},"end":{"line":17,"column":48}},"5":{"start":{"line":18,"column":44},"end":{"line":18,"column":59}},"6":{"start":{"line":19,"column":38},"end":{"line":19,"column":50}},"7":{"start":{"line":20,"column":46},"end":{"line":20,"column":58}},"8":{"start":{"line":21,"column":44},"end":{"line":21,"column":59}},"9":{"start":{"line":22,"column":48},"end":{"line":22,"column":63}},"10":{"start":{"line":23,"column":23},"end":{"line":23,"column":38}},"11":{"start":{"line":26,"column":24},"end":{"line":38,"column":5}},"12":{"start":{"line":27,"column":22},"end":{"line":27,"column":116}},"13":{"start":{"line":28,"column":8},"end":{"line":28,"column":33}},"14":{"start":{"line":30,"column":8},"end":{"line":37,"column":9}},"15":{"start":{"line":31,"column":12},"end":{"line":31,"column":31}},"16":{"start":{"line":34,"column":12},"end":{"line":34,"column":39}},"17":{"start":{"line":35,"column":12},"end":{"line":35,"column":116}},"18":{"start":{"line":36,"column":12},"end":{"line":36,"column":34}},"19":{"start":{"line":40,"column":23},"end":{"line":47,"column":5}},"20":{"start":{"line":41,"column":8},"end":{"line":46,"column":35}},"21":{"start":{"line":42,"column":12},"end":{"line":42,"column":35}},"22":{"start":{"line":43,"column":12},"end":{"line":43,"column":41}},"23":{"start":{"line":46,"column":12},"end":{"line":46,"column":35}},"24":{"start":{"line":59,"column":23},"end":{"line":72,"column":5}},"25":{"start":{"line":60,"column":8},"end":{"line":60,"column":40}},"26":{"start":{"line":62,"column":8},"end":{"line":69,"column":9}},"27":{"start":{"line":63,"column":12},"end":{"line":63,"column":39}},"28":{"start":{"line":64,"column":12},"end":{"line":64,"column":68}},"29":{"start":{"line":66,"column":12},"end":{"line":66,"column":38}},"30":{"start":{"line":67,"column":12},"end":{"line":68,"column":41}},"31":{"start":{"line":68,"column":16},"end":{"line":68,"column":41}},"32":{"start":{"line":71,"column":8},"end":{"line":71,"column":30}},"33":{"start":{"line":74,"column":27},"end":{"line":82,"column":5}},"34":{"start":{"line":75,"column":19},"end":{"line":75,"column":28}},"35":{"start":{"line":76,"column":23},"end":{"line":76,"column":31}},"36":{"start":{"line":77,"column":19},"end":{"line":77,"column":54}},"37":{"start":{"line":78,"column":8},"end":{"line":81,"column":10}},"38":{"start":{"line":79,"column":12},"end":{"line":79,"column":35}},"39":{"start":{"line":80,"column":12},"end":{"line":80,"column":50}},"40":{"start":{"line":86,"column":4},"end":{"line":127,"column":6}},"41":{"start":{"line":92,"column":31},"end":{"line":92,"column":45}},"42":{"start":{"line":93,"column":40},"end":{"line":93,"column":71}},"43":{"start":{"line":97,"column":45},"end":{"line":97,"column":68}},"44":{"start":{"line":102,"column":44},"end":{"line":102,"column":65}},"45":{"start":{"line":107,"column":41},"end":{"line":107,"column":56}},"46":{"start":{"line":113,"column":44},"end":{"line":113,"column":65}},"47":{"start":{"line":117,"column":35},"end":{"line":117,"column":61}},"48":{"start":{"line":124,"column":31},"end":{"line":124,"column":46}}},"fnMap":{"0":{"name":"CreateAccountManually","decl":{"start":{"line":12,"column":16},"end":{"line":12,"column":37}},"loc":{"start":{"line":12,"column":40},"end":{"line":128,"column":1}},"line":12},"1":{"name":"(anonymous_1)","decl":{"start":{"line":26,"column":24},"end":{"line":26,"column":25}},"loc":{"start":{"line":26,"column":30},"end":{"line":38,"column":5}},"line":26},"2":{"name":"(anonymous_2)","decl":{"start":{"line":40,"column":23},"end":{"line":40,"column":24}},"loc":{"start":{"line":40,"column":29},"end":{"line":47,"column":5}},"line":40},"3":{"name":"(anonymous_3)","decl":{"start":{"line":59,"column":23},"end":{"line":59,"column":24}},"loc":{"start":{"line":59,"column":33},"end":{"line":72,"column":5}},"line":59},"4":{"name":"(anonymous_4)","decl":{"start":{"line":74,"column":27},"end":{"line":74,"column":28}},"loc":{"start":{"line":74,"column":33},"end":{"line":82,"column":5}},"line":74},"5":{"name":"(anonymous_5)","decl":{"start":{"line":78,"column":71},"end":{"line":78,"column":72}},"loc":{"start":{"line":78,"column":82},"end":{"line":81,"column":9}},"line":78},"6":{"name":"(anonymous_6)","decl":{"start":{"line":92,"column":25},"end":{"line":92,"column":26}},"loc":{"start":{"line":92,"column":31},"end":{"line":92,"column":45}},"line":92},"7":{"name":"(anonymous_7)","decl":{"start":{"line":93,"column":32},"end":{"line":93,"column":33}},"loc":{"start":{"line":93,"column":38},"end":{"line":93,"column":73}},"line":93},"8":{"name":"(anonymous_8)","decl":{"start":{"line":97,"column":30},"end":{"line":97,"column":31}},"loc":{"start":{"line":97,"column":45},"end":{"line":97,"column":68}},"line":97},"9":{"name":"(anonymous_9)","decl":{"start":{"line":102,"column":30},"end":{"line":102,"column":31}},"loc":{"start":{"line":102,"column":44},"end":{"line":102,"column":65}},"line":102},"10":{"name":"(anonymous_10)","decl":{"start":{"line":107,"column":30},"end":{"line":107,"column":31}},"loc":{"start":{"line":107,"column":41},"end":{"line":107,"column":56}},"line":107},"11":{"name":"(anonymous_11)","decl":{"start":{"line":113,"column":30},"end":{"line":113,"column":31}},"loc":{"start":{"line":113,"column":44},"end":{"line":113,"column":65}},"line":113},"12":{"name":"(anonymous_12)","decl":{"start":{"line":117,"column":29},"end":{"line":117,"column":30}},"loc":{"start":{"line":117,"column":35},"end":{"line":117,"column":61}},"line":117},"13":{"name":"(anonymous_13)","decl":{"start":{"line":124,"column":25},"end":{"line":124,"column":26}},"loc":{"start":{"line":124,"column":31},"end":{"line":124,"column":46}},"line":124}},"branchMap":{"0":{"loc":{"start":{"line":27,"column":22},"end":{"line":27,"column":116}},"type":"binary-expr","locations":[{"start":{"line":27,"column":23},"end":{"line":27,"column":43}},{"start":{"line":27,"column":49},"end":{"line":27,"column":68}},{"start":{"line":27,"column":74},"end":{"line":27,"column":90}},{"start":{"line":27,"column":96},"end":{"line":27,"column":115}}],"line":27},"1":{"loc":{"start":{"line":30,"column":8},"end":{"line":37,"column":9}},"type":"if","locations":[{"start":{"line":30,"column":8},"end":{"line":37,"column":9}},{"start":{"line":30,"column":8},"end":{"line":37,"column":9}}],"line":30},"2":{"loc":{"start":{"line":41,"column":8},"end":{"line":46,"column":35}},"type":"if","locations":[{"start":{"line":41,"column":8},"end":{"line":46,"column":35}},{"start":{"line":41,"column":8},"end":{"line":46,"column":35}}],"line":41},"3":{"loc":{"start":{"line":62,"column":8},"end":{"line":69,"column":9}},"type":"if","locations":[{"start":{"line":62,"column":8},"end":{"line":69,"column":9}},{"start":{"line":62,"column":8},"end":{"line":69,"column":9}}],"line":62},"4":{"loc":{"start":{"line":67,"column":12},"end":{"line":68,"column":41}},"type":"if","locations":[{"start":{"line":67,"column":12},"end":{"line":68,"column":41}},{"start":{"line":67,"column":12},"end":{"line":68,"column":41}}],"line":67}},"s":{"0":0,"1":0,"2":0,"3":0,"4":0,"5":0,"6":0,"7":0,"8":0,"9":0,"10":0,"11":0,"12":0,"13":0,"14":0,"15":0,"16":0,"17":0,"18":0,"19":0,"20":0,"21":0,"22":0,"23":0,"24":0,"25":0,"26":0,"27":0,"28":0,"29":0,"30":0,"31":0,"32":0,"33":0,"34":0,"35":0,"36":0,"37":0,"38":0,"39":0,"40":0,"41":0,"42":0,"43":0,"44":0,"45":0,"46":0,"47":0,"48":0},"f":{"0":0,"1":0,"2":0,"3":0,"4":0,"5":0,"6":0,"7":0,"8":0,"9":0,"10":0,"11":0,"12":0,"13":0},"b":{"0":[0,0,0,0],"1":[0,0],"2":[0,0],"3":[0,0],"4":[0,0]},"_coverageSchema":"1a1c01bbd47fc00a2c39e90264f33305004495a9","hash":"da6671be13a2b65f30fb7fb24fa44ddf2d3edec5"}
,"C:\\Users\\Niko\\Documents\\AMOS\\amos-ss2021-bike-nest\\code\\components\\CreateAccountVia3rdParty.js": {"path":"C:\\Users\\Niko\\Documents\\AMOS\\amos-ss2021-bike-nest\\code\\components\\CreateAccountVia3rdParty.js","statementMap":{"0":{"start":{"line":11,"column":23},"end":{"line":11,"column":38}},"1":{"start":{"line":12,"column":37},"end":{"line":12,"column":59}},"2":{"start":{"line":15,"column":21},"end":{"line":15,"column":56}},"3":{"start":{"line":16,"column":8},"end":{"line":20,"column":9}},"4":{"start":{"line":17,"column":12},"end":{"line":17,"column":57}},"5":{"start":{"line":19,"column":12},"end":{"line":19,"column":54}},"6":{"start":{"line":23,"column":45},"end":{"line":28,"column":6}},"7":{"start":{"line":30,"column":4},"end":{"line":46,"column":19}},"8":{"start":{"line":31,"column":8},"end":{"line":45,"column":9}},"9":{"start":{"line":32,"column":39},"end":{"line":32,"column":47}},"10":{"start":{"line":34,"column":25},"end":{"line":34,"column":40}},"11":{"start":{"line":35,"column":33},"end":{"line":35,"column":53}},"12":{"start":{"line":37,"column":12},"end":{"line":40,"column":13}},"13":{"start":{"line":39,"column":16},"end":{"line":39,"column":81}},"14":{"start":{"line":41,"column":12},"end":{"line":41,"column":48}},"15":{"start":{"line":44,"column":12},"end":{"line":44,"column":40}},"16":{"start":{"line":48,"column":4},"end":{"line":71,"column":6}},"17":{"start":{"line":55,"column":31},"end":{"line":60,"column":17}},"18":{"start":{"line":58,"column":53},"end":{"line":58,"column":88}},"19":{"start":{"line":68,"column":31},"end":{"line":68,"column":44}}},"fnMap":{"0":{"name":"CreateAccountVia3rdParty","decl":{"start":{"line":10,"column":16},"end":{"line":10,"column":40}},"loc":{"start":{"line":10,"column":43},"end":{"line":72,"column":1}},"line":10},"1":{"name":"getValueFor","decl":{"start":{"line":14,"column":19},"end":{"line":14,"column":30}},"loc":{"start":{"line":14,"column":36},"end":{"line":21,"column":5}},"line":14},"2":{"name":"(anonymous_2)","decl":{"start":{"line":30,"column":20},"end":{"line":30,"column":21}},"loc":{"start":{"line":30,"column":26},"end":{"line":46,"column":5}},"line":30},"3":{"name":"(anonymous_3)","decl":{"start":{"line":55,"column":25},"end":{"line":55,"column":26}},"loc":{"start":{"line":55,"column":31},"end":{"line":60,"column":17}},"line":55},"4":{"name":"(anonymous_4)","decl":{"start":{"line":58,"column":47},"end":{"line":58,"column":48}},"loc":{"start":{"line":58,"column":53},"end":{"line":58,"column":88}},"line":58},"5":{"name":"(anonymous_5)","decl":{"start":{"line":68,"column":25},"end":{"line":68,"column":26}},"loc":{"start":{"line":68,"column":31},"end":{"line":68,"column":44}},"line":68}},"branchMap":{"0":{"loc":{"start":{"line":16,"column":8},"end":{"line":20,"column":9}},"type":"if","locations":[{"start":{"line":16,"column":8},"end":{"line":20,"column":9}},{"start":{"line":16,"column":8},"end":{"line":20,"column":9}}],"line":16},"1":{"loc":{"start":{"line":31,"column":8},"end":{"line":45,"column":9}},"type":"if","locations":[{"start":{"line":31,"column":8},"end":{"line":45,"column":9}},{"start":{"line":31,"column":8},"end":{"line":45,"column":9}}],"line":31},"2":{"loc":{"start":{"line":37,"column":12},"end":{"line":40,"column":13}},"type":"if","locations":[{"start":{"line":37,"column":12},"end":{"line":40,"column":13}},{"start":{"line":37,"column":12},"end":{"line":40,"column":13}}],"line":37}},"s":{"0":0,"1":0,"2":0,"3":0,"4":0,"5":0,"6":0,"7":0,"8":0,"9":0,"10":0,"11":0,"12":0,"13":0,"14":0,"15":0,"16":0,"17":0,"18":0,"19":0},"f":{"0":0,"1":0,"2":0,"3":0,"4":0,"5":0},"b":{"0":[0,0],"1":[0,0],"2":[0,0]},"_coverageSchema":"1a1c01bbd47fc00a2c39e90264f33305004495a9","hash":"0ca29c3f1fb679fbc970a82c60129408816f0c1c"}
,"C:\\Users\\Niko\\Documents\\AMOS\\amos-ss2021-bike-nest\\code\\components\\GlobalVars.js": {"path":"C:\\Users\\Niko\\Documents\\AMOS\\amos-ss2021-bike-nest\\code\\components\\GlobalVars.js","statementMap":{"0":{"start":{"line":4,"column":33},"end":{"line":4,"column":46}},"1":{"start":{"line":6,"column":39},"end":{"line":6,"column":73}},"2":{"start":{"line":9,"column":16},"end":{"line":9,"column":82}},"3":{"start":{"line":13,"column":29},"end":{"line":13,"column":87}},"4":{"start":{"line":14,"column":16},"end":{"line":14,"column":30}},"5":{"start":{"line":18,"column":16},"end":{"line":18,"column":78}},"6":{"start":{"line":22,"column":29},"end":{"line":22,"column":90}},"7":{"start":{"line":24,"column":16},"end":{"line":26,"column":17}},"8":{"start":{"line":25,"column":24},"end":{"line":25,"column":36}},"9":{"start":{"line":28,"column":16},"end":{"line":28,"column":29}}},"fnMap":{"0":{"name":"(anonymous_0)","decl":{"start":{"line":6,"column":8},"end":{"line":6,"column":9}},"loc":{"start":{"line":6,"column":37},"end":{"line":6,"column":75}},"line":6},"1":{"name":"(anonymous_1)","decl":{"start":{"line":8,"column":8},"end":{"line":8,"column":9}},"loc":{"start":{"line":8,"column":52},"end":{"line":10,"column":9}},"line":8},"2":{"name":"(anonymous_2)","decl":{"start":{"line":12,"column":8},"end":{"line":12,"column":9}},"loc":{"start":{"line":12,"column":46},"end":{"line":15,"column":9}},"line":12},"3":{"name":"(anonymous_3)","decl":{"start":{"line":17,"column":8},"end":{"line":17,"column":9}},"loc":{"start":{"line":17,"column":49},"end":{"line":19,"column":9}},"line":17},"4":{"name":"(anonymous_4)","decl":{"start":{"line":21,"column":8},"end":{"line":21,"column":9}},"loc":{"start":{"line":21,"column":49},"end":{"line":29,"column":9}},"line":21}},"branchMap":{"0":{"loc":{"start":{"line":24,"column":16},"end":{"line":26,"column":17}},"type":"if","locations":[{"start":{"line":24,"column":16},"end":{"line":26,"column":17}},{"start":{"line":24,"column":16},"end":{"line":26,"column":17}}],"line":24}},"s":{"0":1,"1":0,"2":0,"3":1,"4":0,"5":0,"6":1,"7":0,"8":0,"9":0},"f":{"0":0,"1":0,"2":1,"3":0,"4":1},"b":{"0":[0,0]},"_coverageSchema":"1a1c01bbd47fc00a2c39e90264f33305004495a9","hash":"73ed9838cc7c2f1744a7ed184fdfa513097d612d"}
,"C:\\Users\\Niko\\Documents\\AMOS\\amos-ss2021-bike-nest\\code\\components\\JwtDecoder.js": {"path":"C:\\Users\\Niko\\Documents\\AMOS\\amos-ss2021-bike-nest\\code\\components\\JwtDecoder.js","statementMap":{"0":{"start":{"line":6,"column":22},"end":{"line":7,"column":104}},"1":{"start":{"line":7,"column":27},"end":{"line":7,"column":103}},"2":{"start":{"line":9,"column":24},"end":{"line":9,"column":44}},"3":{"start":{"line":11,"column":8},"end":{"line":11,"column":23}}},"fnMap":{"0":{"name":"(anonymous_0)","decl":{"start":{"line":5,"column":4},"end":{"line":5,"column":5}},"loc":{"start":{"line":5,"column":23},"end":{"line":12,"column":5}},"line":5},"1":{"name":"(anonymous_1)","decl":{"start":{"line":7,"column":17},"end":{"line":7,"column":18}},"loc":{"start":{"line":7,"column":27},"end":{"line":7,"column":103}},"line":7}},"branchMap":{},"s":{"0":0,"1":0,"2":0,"3":0},"f":{"0":0,"1":0},"b":{},"_coverageSchema":"1a1c01bbd47fc00a2c39e90264f33305004495a9","hash":"e4957d98501419364aa13d1a105ff39b8394b46a"}
,"C:\\Users\\Niko\\Documents\\AMOS\\amos-ss2021-bike-nest\\code\\components\\EditPersonalInformation\\EditPassword.js": {"path":"C:\\Users\\Niko\\Documents\\AMOS\\amos-ss2021-bike-nest\\code\\components\\EditPersonalInformation\\EditPassword.js","statementMap":{"0":{"start":{"line":8,"column":22},"end":{"line":8,"column":39}},"1":{"start":{"line":9,"column":38},"end":{"line":9,"column":53}},"2":{"start":{"line":10,"column":42},"end":{"line":10,"column":54}},"3":{"start":{"line":11,"column":44},"end":{"line":11,"column":56}},"4":{"start":{"line":12,"column":44},"end":{"line":12,"column":56}},"5":{"start":{"line":13,"column":44},"end":{"line":13,"column":59}},"6":{"start":{"line":14,"column":38},"end":{"line":14,"column":50}},"7":{"start":{"line":15,"column":46},"end":{"line":15,"column":58}},"8":{"start":{"line":17,"column":17},"end":{"line":22,"column":5}},"9":{"start":{"line":18,"column":8},"end":{"line":18,"column":28}},"10":{"start":{"line":19,"column":8},"end":{"line":19,"column":27}},"11":{"start":{"line":20,"column":8},"end":{"line":20,"column":28}},"12":{"start":{"line":21,"column":8},"end":{"line":21,"column":28}},"13":{"start":{"line":24,"column":15},"end":{"line":40,"column":5}},"14":{"start":{"line":25,"column":8},"end":{"line":28,"column":9}},"15":{"start":{"line":26,"column":12},"end":{"line":26,"column":21}},"16":{"start":{"line":27,"column":12},"end":{"line":27,"column":19}},"17":{"start":{"line":29,"column":8},"end":{"line":38,"column":11}},"18":{"start":{"line":30,"column":12},"end":{"line":30,"column":50}},"19":{"start":{"line":31,"column":12},"end":{"line":37,"column":13}},"20":{"start":{"line":32,"column":16},"end":{"line":32,"column":42}},"21":{"start":{"line":33,"column":16},"end":{"line":33,"column":74}},"22":{"start":{"line":35,"column":16},"end":{"line":35,"column":43}},"23":{"start":{"line":36,"column":16},"end":{"line":36,"column":95}},"24":{"start":{"line":39,"column":8},"end":{"line":39,"column":30}},"25":{"start":{"line":42,"column":23},"end":{"line":44,"column":5}},"26":{"start":{"line":43,"column":8},"end":{"line":43,"column":130}},"27":{"start":{"line":46,"column":4},"end":{"line":97,"column":5}},"28":{"start":{"line":47,"column":8},"end":{"line":75,"column":10}},"29":{"start":{"line":54,"column":24},"end":{"line":54,"column":55}},"30":{"start":{"line":57,"column":24},"end":{"line":57,"column":55}},"31":{"start":{"line":68,"column":64},"end":{"line":68,"column":72}},"32":{"start":{"line":71,"column":64},"end":{"line":71,"column":70}},"33":{"start":{"line":77,"column":8},"end":{"line":96,"column":10}},"34":{"start":{"line":84,"column":24},"end":{"line":84,"column":55}},"35":{"start":{"line":87,"column":24},"end":{"line":87,"column":55}},"36":{"start":{"line":92,"column":64},"end":{"line":92,"column":82}}},"fnMap":{"0":{"name":"EditPassword","decl":{"start":{"line":7,"column":24},"end":{"line":7,"column":36}},"loc":{"start":{"line":7,"column":39},"end":{"line":98,"column":1}},"line":7},"1":{"name":"(anonymous_1)","decl":{"start":{"line":17,"column":17},"end":{"line":17,"column":18}},"loc":{"start":{"line":17,"column":23},"end":{"line":22,"column":5}},"line":17},"2":{"name":"(anonymous_2)","decl":{"start":{"line":24,"column":15},"end":{"line":24,"column":16}},"loc":{"start":{"line":24,"column":21},"end":{"line":40,"column":5}},"line":24},"3":{"name":"(anonymous_3)","decl":{"start":{"line":29,"column":67},"end":{"line":29,"column":68}},"loc":{"start":{"line":29,"column":81},"end":{"line":38,"column":9}},"line":29},"4":{"name":"(anonymous_4)","decl":{"start":{"line":42,"column":23},"end":{"line":42,"column":24}},"loc":{"start":{"line":42,"column":29},"end":{"line":44,"column":5}},"line":42},"5":{"name":"(anonymous_5)","decl":{"start":{"line":53,"column":29},"end":{"line":53,"column":30}},"loc":{"start":{"line":53,"column":35},"end":{"line":55,"column":21}},"line":53},"6":{"name":"(anonymous_6)","decl":{"start":{"line":56,"column":36},"end":{"line":56,"column":37}},"loc":{"start":{"line":56,"column":42},"end":{"line":58,"column":21}},"line":56},"7":{"name":"(anonymous_7)","decl":{"start":{"line":68,"column":58},"end":{"line":68,"column":59}},"loc":{"start":{"line":68,"column":64},"end":{"line":68,"column":72}},"line":68},"8":{"name":"(anonymous_8)","decl":{"start":{"line":71,"column":58},"end":{"line":71,"column":59}},"loc":{"start":{"line":71,"column":64},"end":{"line":71,"column":70}},"line":71},"9":{"name":"(anonymous_9)","decl":{"start":{"line":83,"column":29},"end":{"line":83,"column":30}},"loc":{"start":{"line":83,"column":35},"end":{"line":85,"column":21}},"line":83},"10":{"name":"(anonymous_10)","decl":{"start":{"line":86,"column":36},"end":{"line":86,"column":37}},"loc":{"start":{"line":86,"column":42},"end":{"line":88,"column":21}},"line":86},"11":{"name":"(anonymous_11)","decl":{"start":{"line":92,"column":58},"end":{"line":92,"column":59}},"loc":{"start":{"line":92,"column":64},"end":{"line":92,"column":82}},"line":92}},"branchMap":{"0":{"loc":{"start":{"line":25,"column":8},"end":{"line":28,"column":9}},"type":"if","locations":[{"start":{"line":25,"column":8},"end":{"line":28,"column":9}},{"start":{"line":25,"column":8},"end":{"line":28,"column":9}}],"line":25},"1":{"loc":{"start":{"line":31,"column":12},"end":{"line":37,"column":13}},"type":"if","locations":[{"start":{"line":31,"column":12},"end":{"line":37,"column":13}},{"start":{"line":31,"column":12},"end":{"line":37,"column":13}}],"line":31},"2":{"loc":{"start":{"line":43,"column":15},"end":{"line":43,"column":129}},"type":"binary-expr","locations":[{"start":{"line":43,"column":15},"end":{"line":43,"column":37}},{"start":{"line":43,"column":41},"end":{"line":43,"column":70}},{"start":{"line":43,"column":74},"end":{"line":43,"column":97}},{"start":{"line":43,"column":101},"end":{"line":43,"column":129}}],"line":43},"3":{"loc":{"start":{"line":46,"column":4},"end":{"line":97,"column":5}},"type":"if","locations":[{"start":{"line":46,"column":4},"end":{"line":97,"column":5}},{"start":{"line":46,"column":4},"end":{"line":97,"column":5}}],"line":46},"4":{"loc":{"start":{"line":67,"column":17},"end":{"line":67,"column":66}},"type":"cond-expr","locations":[{"start":{"line":67,"column":34},"end":{"line":67,"column":59}},{"start":{"line":67,"column":62},"end":{"line":67,"column":66}}],"line":67}},"s":{"0":0,"1":0,"2":0,"3":0,"4":0,"5":0,"6":0,"7":0,"8":0,"9":0,"10":0,"11":0,"12":0,"13":0,"14":0,"15":0,"16":0,"17":0,"18":0,"19":0,"20":0,"21":0,"22":0,"23":0,"24":0,"25":0,"26":0,"27":0,"28":0,"29":0,"30":0,"31":0,"32":0,"33":0,"34":0,"35":0,"36":0},"f":{"0":0,"1":0,"2":0,"3":0,"4":0,"5":0,"6":0,"7":0,"8":0,"9":0,"10":0,"11":0},"b":{"0":[0,0],"1":[0,0],"2":[0,0,0,0],"3":[0,0],"4":[0,0]},"_coverageSchema":"1a1c01bbd47fc00a2c39e90264f33305004495a9","hash":"847cb8a6c4bd0093c0f41e719b7d61b1d9e5d960"}
,"C:\\Users\\Niko\\Documents\\AMOS\\amos-ss2021-bike-nest\\code\\components\\EditPersonalInformation\\EditPersonalInformation.js": {"path":"C:\\Users\\Niko\\Documents\\AMOS\\amos-ss2021-bike-nest\\code\\components\\EditPersonalInformation\\EditPersonalInformation.js","statementMap":{"0":{"start":{"line":7,"column":19},"end":{"line":7,"column":40}},"1":{"start":{"line":8,"column":38},"end":{"line":8,"column":71}},"2":{"start":{"line":9,"column":36},"end":{"line":9,"column":68}},"3":{"start":{"line":10,"column":30},"end":{"line":10,"column":59}},"4":{"start":{"line":11,"column":38},"end":{"line":11,"column":53}},"5":{"start":{"line":13,"column":19},"end":{"line":19,"column":5}},"6":{"start":{"line":14,"column":26},"end":{"line":15,"column":89}},"7":{"start":{"line":15,"column":87},"end":{"line":15,"column":88}},"8":{"start":{"line":17,"column":8},"end":{"line":17,"column":28}},"9":{"start":{"line":18,"column":8},"end":{"line":18,"column":95}},"10":{"start":{"line":21,"column":17},"end":{"line":26,"column":5}},"11":{"start":{"line":22,"column":8},"end":{"line":22,"column":46}},"12":{"start":{"line":23,"column":8},"end":{"line":23,"column":44}},"13":{"start":{"line":24,"column":8},"end":{"line":24,"column":38}},"14":{"start":{"line":25,"column":8},"end":{"line":25,"column":28}},"15":{"start":{"line":28,"column":21},"end":{"line":32,"column":106}},"16":{"start":{"line":29,"column":8},"end":{"line":32,"column":106}},"17":{"start":{"line":35,"column":4},"end":{"line":64,"column":6}},"18":{"start":{"line":49,"column":68},"end":{"line":49,"column":76}},"19":{"start":{"line":52,"column":68},"end":{"line":52,"column":78}},"20":{"start":{"line":58,"column":68},"end":{"line":58,"column":86}}},"fnMap":{"0":{"name":"EditPersonalInformation","decl":{"start":{"line":6,"column":24},"end":{"line":6,"column":47}},"loc":{"start":{"line":6,"column":50},"end":{"line":65,"column":1}},"line":6},"1":{"name":"(anonymous_1)","decl":{"start":{"line":13,"column":19},"end":{"line":13,"column":20}},"loc":{"start":{"line":13,"column":25},"end":{"line":19,"column":5}},"line":13},"2":{"name":"(anonymous_2)","decl":{"start":{"line":15,"column":82},"end":{"line":15,"column":83}},"loc":{"start":{"line":15,"column":87},"end":{"line":15,"column":88}},"line":15},"3":{"name":"(anonymous_3)","decl":{"start":{"line":21,"column":17},"end":{"line":21,"column":18}},"loc":{"start":{"line":21,"column":23},"end":{"line":26,"column":5}},"line":21},"4":{"name":"(anonymous_4)","decl":{"start":{"line":28,"column":21},"end":{"line":28,"column":22}},"loc":{"start":{"line":29,"column":8},"end":{"line":32,"column":106}},"line":29},"5":{"name":"(anonymous_5)","decl":{"start":{"line":49,"column":62},"end":{"line":49,"column":63}},"loc":{"start":{"line":49,"column":68},"end":{"line":49,"column":76}},"line":49},"6":{"name":"(anonymous_6)","decl":{"start":{"line":52,"column":62},"end":{"line":52,"column":63}},"loc":{"start":{"line":52,"column":68},"end":{"line":52,"column":78}},"line":52},"7":{"name":"(anonymous_7)","decl":{"start":{"line":58,"column":62},"end":{"line":58,"column":63}},"loc":{"start":{"line":58,"column":68},"end":{"line":58,"column":86}},"line":58}},"branchMap":{"0":{"loc":{"start":{"line":18,"column":15},"end":{"line":18,"column":94}},"type":"cond-expr","locations":[{"start":{"line":18,"column":29},"end":{"line":18,"column":64}},{"start":{"line":18,"column":67},"end":{"line":18,"column":94}}],"line":18},"1":{"loc":{"start":{"line":29,"column":8},"end":{"line":32,"column":106}},"type":"cond-expr","locations":[{"start":{"line":30,"column":12},"end":{"line":30,"column":85}},{"start":{"line":32,"column":12},"end":{"line":32,"column":106}}],"line":29},"2":{"loc":{"start":{"line":47,"column":13},"end":{"line":61,"column":23}},"type":"cond-expr","locations":[{"start":{"line":48,"column":16},"end":{"line":55,"column":23}},{"start":{"line":57,"column":16},"end":{"line":61,"column":23}}],"line":47}},"s":{"0":0,"1":0,"2":0,"3":0,"4":0,"5":0,"6":0,"7":0,"8":0,"9":0,"10":0,"11":0,"12":0,"13":0,"14":0,"15":0,"16":0,"17":0,"18":0,"19":0,"20":0},"f":{"0":0,"1":0,"2":0,"3":0,"4":0,"5":0,"6":0,"7":0},"b":{"0":[0,0],"1":[0,0],"2":[0,0]},"_coverageSchema":"1a1c01bbd47fc00a2c39e90264f33305004495a9","hash":"d60c54e9e720453101133082301fb9c7c27db837"}
,"C:\\Users\\Niko\\Documents\\AMOS\\amos-ss2021-bike-nest\\code\\components\\EditPersonalInformation\\styles.js": {"path":"C:\\Users\\Niko\\Documents\\AMOS\\amos-ss2021-bike-nest\\code\\components\\EditPersonalInformation\\styles.js","statementMap":{"0":{"start":{"line":5,"column":30},"end":{"line":5,"column":47}},"1":{"start":{"line":6,"column":30},"end":{"line":6,"column":47}},"2":{"start":{"line":7,"column":30},"end":{"line":7,"column":47}},"3":{"start":{"line":8,"column":30},"end":{"line":8,"column":47}},"4":{"start":{"line":9,"column":30},"end":{"line":9,"column":47}},"5":{"start":{"line":10,"column":33},"end":{"line":10,"column":50}},"6":{"start":{"line":11,"column":31},"end":{"line":11,"column":48}},"7":{"start":{"line":14,"column":22},"end":{"line":79,"column":2}}},"fnMap":{"0":{"name":"(anonymous_0)","decl":{"start":{"line":5,"column":4},"end":{"line":5,"column":5}},"loc":{"start":{"line":5,"column":28},"end":{"line":5,"column":49}},"line":5},"1":{"name":"(anonymous_1)","decl":{"start":{"line":6,"column":4},"end":{"line":6,"column":5}},"loc":{"start":{"line":6,"column":28},"end":{"line":6,"column":49}},"line":6},"2":{"name":"(anonymous_2)","decl":{"start":{"line":7,"column":4},"end":{"line":7,"column":5}},"loc":{"start":{"line":7,"column":28},"end":{"line":7,"column":49}},"line":7},"3":{"name":"(anonymous_3)","decl":{"start":{"line":8,"column":4},"end":{"line":8,"column":5}},"loc":{"start":{"line":8,"column":28},"end":{"line":8,"column":49}},"line":8},"4":{"name":"(anonymous_4)","decl":{"start":{"line":9,"column":4},"end":{"line":9,"column":5}},"loc":{"start":{"line":9,"column":28},"end":{"line":9,"column":49}},"line":9},"5":{"name":"(anonymous_5)","decl":{"start":{"line":10,"column":4},"end":{"line":10,"column":5}},"loc":{"start":{"line":10,"column":31},"end":{"line":10,"column":52}},"line":10},"6":{"name":"(anonymous_6)","decl":{"start":{"line":11,"column":4},"end":{"line":11,"column":5}},"loc":{"start":{"line":11,"column":29},"end":{"line":11,"column":50}},"line":11}},"branchMap":{},"s":{"0":0,"1":0,"2":1,"3":0,"4":2,"5":0,"6":0,"7":1},"f":{"0":0,"1":0,"2":1,"3":0,"4":2,"5":0,"6":0},"b":{},"_coverageSchema":"1a1c01bbd47fc00a2c39e90264f33305004495a9","hash":"ba5b4b6f75535e502e6072662dcb575c592a26c2"}
,"C:\\Users\\Niko\\Documents\\AMOS\\amos-ss2021-bike-nest\\code\\screens\\BookingScreen.js": {"path":"C:\\Users\\Niko\\Documents\\AMOS\\amos-ss2021-bike-nest\\code\\screens\\BookingScreen.js","statementMap":{"0":{"start":{"line":10,"column":12},"end":{"line":10,"column":42}},"1":{"start":{"line":11,"column":13},"end":{"line":11,"column":44}},"2":{"start":{"line":14,"column":36},"end":{"line":14,"column":52}},"3":{"start":{"line":15,"column":36},"end":{"line":15,"column":52}},"4":{"start":{"line":16,"column":36},"end":{"line":16,"column":52}},"5":{"start":{"line":17,"column":36},"end":{"line":17,"column":52}},"6":{"start":{"line":18,"column":36},"end":{"line":18,"column":52}},"7":{"start":{"line":19,"column":36},"end":{"line":19,"column":52}},"8":{"start":{"line":20,"column":46},"end":{"line":20,"column":62}},"9":{"start":{"line":22,"column":22},"end":{"line":25,"column":3}},"10":{"start":{"line":24,"column":4},"end":{"line":24,"column":30}},"11":{"start":{"line":26,"column":23},"end":{"line":29,"column":3}},"12":{"start":{"line":28,"column":4},"end":{"line":28,"column":35}},"13":{"start":{"line":30,"column":22},"end":{"line":32,"column":3}},"14":{"start":{"line":31,"column":4},"end":{"line":31,"column":26}},"15":{"start":{"line":33,"column":27},"end":{"line":50,"column":3}},"16":{"start":{"line":34,"column":4},"end":{"line":49,"column":5}},"17":{"start":{"line":35,"column":6},"end":{"line":35,"column":28}},"18":{"start":{"line":36,"column":6},"end":{"line":36,"column":22}},"19":{"start":{"line":37,"column":10},"end":{"line":49,"column":5}},"20":{"start":{"line":38,"column":6},"end":{"line":38,"column":29}},"21":{"start":{"line":39,"column":6},"end":{"line":39,"column":22}},"22":{"start":{"line":40,"column":10},"end":{"line":49,"column":5}},"23":{"start":{"line":41,"column":6},"end":{"line":41,"column":29}},"24":{"start":{"line":42,"column":6},"end":{"line":42,"column":22}},"25":{"start":{"line":43,"column":10},"end":{"line":49,"column":5}},"26":{"start":{"line":44,"column":6},"end":{"line":44,"column":30}},"27":{"start":{"line":45,"column":6},"end":{"line":45,"column":23}},"28":{"start":{"line":47,"column":6},"end":{"line":47,"column":45}},"29":{"start":{"line":48,"column":6},"end":{"line":48,"column":22}},"30":{"start":{"line":51,"column":27},"end":{"line":63,"column":3}},"31":{"start":{"line":53,"column":4},"end":{"line":62,"column":5}},"32":{"start":{"line":54,"column":6},"end":{"line":54,"column":29}},"33":{"start":{"line":55,"column":6},"end":{"line":55,"column":22}},"34":{"start":{"line":56,"column":11},"end":{"line":62,"column":5}},"35":{"start":{"line":57,"column":6},"end":{"line":57,"column":30}},"36":{"start":{"line":58,"column":6},"end":{"line":58,"column":22}},"37":{"start":{"line":60,"column":6},"end":{"line":60,"column":46}},"38":{"start":{"line":61,"column":6},"end":{"line":61,"column":22}},"39":{"start":{"line":65,"column":27},"end":{"line":81,"column":3}},"40":{"start":{"line":66,"column":4},"end":{"line":78,"column":5}},"41":{"start":{"line":67,"column":6},"end":{"line":67,"column":43}},"42":{"start":{"line":68,"column":6},"end":{"line":68,"column":22}},"43":{"start":{"line":69,"column":11},"end":{"line":78,"column":5}},"44":{"start":{"line":70,"column":6},"end":{"line":70,"column":43}},"45":{"start":{"line":71,"column":6},"end":{"line":71,"column":23}},"46":{"start":{"line":72,"column":11},"end":{"line":78,"column":5}},"47":{"start":{"line":73,"column":6},"end":{"line":73,"column":47}},"48":{"start":{"line":74,"column":6},"end":{"line":74,"column":22}},"49":{"start":{"line":76,"column":6},"end":{"line":76,"column":46}},"50":{"start":{"line":77,"column":6},"end":{"line":77,"column":22}},"51":{"start":{"line":79,"column":16},"end":{"line":79,"column":49}},"52":{"start":{"line":80,"column":4},"end":{"line":80,"column":29}},"53":{"start":{"line":82,"column":19},"end":{"line":84,"column":3}},"54":{"start":{"line":83,"column":4},"end":{"line":83,"column":17}},"55":{"start":{"line":85,"column":18},"end":{"line":87,"column":3}},"56":{"start":{"line":86,"column":4},"end":{"line":86,"column":19}},"57":{"start":{"line":88,"column":22},"end":{"line":90,"column":3}},"58":{"start":{"line":89,"column":4},"end":{"line":89,"column":17}},"59":{"start":{"line":91,"column":17},"end":{"line":93,"column":3}},"60":{"start":{"line":92,"column":4},"end":{"line":92,"column":20}},"61":{"start":{"line":94,"column":2},"end":{"line":152,"column":3}},"62":{"start":{"line":99,"column":60},"end":{"line":99,"column":73}},"63":{"start":{"line":104,"column":75},"end":{"line":104,"column":110}},"64":{"start":{"line":119,"column":46},"end":{"line":119,"column":69}},"65":{"start":{"line":123,"column":46},"end":{"line":123,"column":69}},"66":{"start":{"line":127,"column":46},"end":{"line":127,"column":69}},"67":{"start":{"line":145,"column":95},"end":{"line":145,"column":113}},"68":{"start":{"line":155,"column":17},"end":{"line":239,"column":2}}},"fnMap":{"0":{"name":"BookingScreen","decl":{"start":{"line":13,"column":24},"end":{"line":13,"column":37}},"loc":{"start":{"line":13,"column":54},"end":{"line":153,"column":1}},"line":13},"1":{"name":"(anonymous_1)","decl":{"start":{"line":22,"column":22},"end":{"line":22,"column":23}},"loc":{"start":{"line":22,"column":28},"end":{"line":25,"column":3}},"line":22},"2":{"name":"(anonymous_2)","decl":{"start":{"line":26,"column":23},"end":{"line":26,"column":24}},"loc":{"start":{"line":26,"column":29},"end":{"line":29,"column":3}},"line":26},"3":{"name":"(anonymous_3)","decl":{"start":{"line":30,"column":22},"end":{"line":30,"column":23}},"loc":{"start":{"line":30,"column":28},"end":{"line":32,"column":3}},"line":30},"4":{"name":"(anonymous_4)","decl":{"start":{"line":33,"column":27},"end":{"line":33,"column":28}},"loc":{"start":{"line":33,"column":38},"end":{"line":50,"column":3}},"line":33},"5":{"name":"(anonymous_5)","decl":{"start":{"line":51,"column":27},"end":{"line":51,"column":28}},"loc":{"start":{"line":51,"column":38},"end":{"line":63,"column":3}},"line":51},"6":{"name":"(anonymous_6)","decl":{"start":{"line":65,"column":27},"end":{"line":65,"column":28}},"loc":{"start":{"line":65,"column":38},"end":{"line":81,"column":3}},"line":65},"7":{"name":"(anonymous_7)","decl":{"start":{"line":82,"column":19},"end":{"line":82,"column":20}},"loc":{"start":{"line":82,"column":25},"end":{"line":84,"column":3}},"line":82},"8":{"name":"(anonymous_8)","decl":{"start":{"line":85,"column":18},"end":{"line":85,"column":19}},"loc":{"start":{"line":85,"column":24},"end":{"line":87,"column":3}},"line":85},"9":{"name":"(anonymous_9)","decl":{"start":{"line":88,"column":22},"end":{"line":88,"column":23}},"loc":{"start":{"line":88,"column":28},"end":{"line":90,"column":3}},"line":88},"10":{"name":"(anonymous_10)","decl":{"start":{"line":91,"column":17},"end":{"line":91,"column":18}},"loc":{"start":{"line":91,"column":23},"end":{"line":93,"column":3}},"line":91},"11":{"name":"(anonymous_11)","decl":{"start":{"line":99,"column":54},"end":{"line":99,"column":55}},"loc":{"start":{"line":99,"column":60},"end":{"line":99,"column":73}},"line":99},"12":{"name":"(anonymous_12)","decl":{"start":{"line":104,"column":71},"end":{"line":104,"column":72}},"loc":{"start":{"line":104,"column":75},"end":{"line":104,"column":110}},"line":104},"13":{"name":"(anonymous_13)","decl":{"start":{"line":119,"column":35},"end":{"line":119,"column":36}},"loc":{"start":{"line":119,"column":46},"end":{"line":119,"column":69}},"line":119},"14":{"name":"(anonymous_14)","decl":{"start":{"line":123,"column":35},"end":{"line":123,"column":36}},"loc":{"start":{"line":123,"column":46},"end":{"line":123,"column":69}},"line":123},"15":{"name":"(anonymous_15)","decl":{"start":{"line":127,"column":35},"end":{"line":127,"column":36}},"loc":{"start":{"line":127,"column":46},"end":{"line":127,"column":69}},"line":127},"16":{"name":"(anonymous_16)","decl":{"start":{"line":145,"column":89},"end":{"line":145,"column":90}},"loc":{"start":{"line":145,"column":95},"end":{"line":145,"column":113}},"line":145}},"branchMap":{"0":{"loc":{"start":{"line":34,"column":4},"end":{"line":49,"column":5}},"type":"if","locations":[{"start":{"line":34,"column":4},"end":{"line":49,"column":5}},{"start":{"line":34,"column":4},"end":{"line":49,"column":5}}],"line":34},"1":{"loc":{"start":{"line":37,"column":10},"end":{"line":49,"column":5}},"type":"if","locations":[{"start":{"line":37,"column":10},"end":{"line":49,"column":5}},{"start":{"line":37,"column":10},"end":{"line":49,"column":5}}],"line":37},"2":{"loc":{"start":{"line":40,"column":10},"end":{"line":49,"column":5}},"type":"if","locations":[{"start":{"line":40,"column":10},"end":{"line":49,"column":5}},{"start":{"line":40,"column":10},"end":{"line":49,"column":5}}],"line":40},"3":{"loc":{"start":{"line":43,"column":10},"end":{"line":49,"column":5}},"type":"if","locations":[{"start":{"line":43,"column":10},"end":{"line":49,"column":5}},{"start":{"line":43,"column":10},"end":{"line":49,"column":5}}],"line":43},"4":{"loc":{"start":{"line":53,"column":4},"end":{"line":62,"column":5}},"type":"if","locations":[{"start":{"line":53,"column":4},"end":{"line":62,"column":5}},{"start":{"line":53,"column":4},"end":{"line":62,"column":5}}],"line":53},"5":{"loc":{"start":{"line":56,"column":11},"end":{"line":62,"column":5}},"type":"if","locations":[{"start":{"line":56,"column":11},"end":{"line":62,"column":5}},{"start":{"line":56,"column":11},"end":{"line":62,"column":5}}],"line":56},"6":{"loc":{"start":{"line":66,"column":4},"end":{"line":78,"column":5}},"type":"if","locations":[{"start":{"line":66,"column":4},"end":{"line":78,"column":5}},{"start":{"line":66,"column":4},"end":{"line":78,"column":5}}],"line":66},"7":{"loc":{"start":{"line":69,"column":11},"end":{"line":78,"column":5}},"type":"if","locations":[{"start":{"line":69,"column":11},"end":{"line":78,"column":5}},{"start":{"line":69,"column":11},"end":{"line":78,"column":5}}],"line":69},"8":{"loc":{"start":{"line":72,"column":11},"end":{"line":78,"column":5}},"type":"if","locations":[{"start":{"line":72,"column":11},"end":{"line":78,"column":5}},{"start":{"line":72,"column":11},"end":{"line":78,"column":5}}],"line":72}},"s":{"0":1,"1":1,"2":0,"3":0,"4":0,"5":0,"6":0,"7":0,"8":0,"9":0,"10":0,"11":0,"12":0,"13":0,"14":0,"15":0,"16":0,"17":0,"18":0,"19":0,"20":0,"21":0,"22":0,"23":0,"24":0,"25":0,"26":0,"27":0,"28":0,"29":0,"30":0,"31":0,"32":0,"33":0,"34":0,"35":0,"36":0,"37":0,"38":0,"39":0,"40":0,"41":0,"42":0,"43":0,"44":0,"45":0,"46":0,"47":0,"48":0,"49":0,"50":0,"51":0,"52":0,"53":0,"54":0,"55":0,"56":0,"57":0,"58":0,"59":0,"60":0,"61":0,"62":0,"63":0,"64":0,"65":0,"66":0,"67":0,"68":1},"f":{"0":0,"1":0,"2":0,"3":0,"4":0,"5":0,"6":0,"7":0,"8":0,"9":0,"10":0,"11":0,"12":0,"13":0,"14":0,"15":0,"16":0},"b":{"0":[0,0],"1":[0,0],"2":[0,0],"3":[0,0],"4":[0,0],"5":[0,0],"6":[0,0],"7":[0,0],"8":[0,0]},"_coverageSchema":"1a1c01bbd47fc00a2c39e90264f33305004495a9","hash":"1e53180eb85a16296e153ee86b261cc820226cb2"}
,"C:\\Users\\Niko\\Documents\\AMOS\\amos-ss2021-bike-nest\\code\\screens\\CreateAccountScreen.js": {"path":"C:\\Users\\Niko\\Documents\\AMOS\\amos-ss2021-bike-nest\\code\\screens\\CreateAccountScreen.js","statementMap":{"0":{"start":{"line":9,"column":2},"end":{"line":32,"column":4}},"1":{"start":{"line":35,"column":15},"end":{"line":40,"column":2}}},"fnMap":{"0":{"name":"CreateAccountScreen","decl":{"start":{"line":8,"column":16},"end":{"line":8,"column":35}},"loc":{"start":{"line":8,"column":38},"end":{"line":33,"column":1}},"line":8}},"branchMap":{},"s":{"0":0,"1":1},"f":{"0":0},"b":{},"_coverageSchema":"1a1c01bbd47fc00a2c39e90264f33305004495a9","hash":"e022e0ca4207362d555e14e8545063caad4bdaab"}
,"C:\\Users\\Niko\\Documents\\AMOS\\amos-ss2021-bike-nest\\code\\screens\\FindBikeNestScreen.js": {"path":"C:\\Users\\Niko\\Documents\\AMOS\\amos-ss2021-bike-nest\\code\\screens\\FindBikeNestScreen.js","statementMap":{"0":{"start":{"line":29,"column":26},"end":{"line":29,"column":50}},"1":{"start":{"line":30,"column":20},"end":{"line":30,"column":32}},"2":{"start":{"line":31,"column":21},"end":{"line":31,"column":34}},"3":{"start":{"line":32,"column":19},"end":{"line":32,"column":30}},"4":{"start":{"line":33,"column":31},"end":{"line":33,"column":47}},"5":{"start":{"line":36,"column":24},"end":{"line":36,"column":45}},"6":{"start":{"line":38,"column":21},"end":{"line":49,"column":4}},"7":{"start":{"line":53,"column":30},"end":{"line":53,"column":45}},"8":{"start":{"line":54,"column":37},"end":{"line":54,"column":57}},"9":{"start":{"line":55,"column":54},"end":{"line":55,"column":65}},"10":{"start":{"line":56,"column":36},"end":{"line":56,"column":50}},"11":{"start":{"line":57,"column":38},"end":{"line":57,"column":53}},"12":{"start":{"line":58,"column":15},"end":{"line":58,"column":27}},"13":{"start":{"line":59,"column":22},"end":{"line":59,"column":34}},"14":{"start":{"line":60,"column":21},"end":{"line":60,"column":42}},"15":{"start":{"line":62,"column":17},"end":{"line":67,"column":3}},"16":{"start":{"line":69,"column":21},"end":{"line":72,"column":3}},"17":{"start":{"line":70,"column":30},"end":{"line":70,"column":50}},"18":{"start":{"line":71,"column":4},"end":{"line":71,"column":39}},"19":{"start":{"line":74,"column":2},"end":{"line":83,"column":9}},"20":{"start":{"line":75,"column":4},"end":{"line":82,"column":9}},"21":{"start":{"line":76,"column":23},"end":{"line":76,"column":73}},"22":{"start":{"line":77,"column":6},"end":{"line":81,"column":7}},"23":{"start":{"line":78,"column":8},"end":{"line":78,"column":64}},"24":{"start":{"line":80,"column":8},"end":{"line":80,"column":36}},"25":{"start":{"line":85,"column":2},"end":{"line":87,"column":9}},"26":{"start":{"line":86,"column":4},"end":{"line":86,"column":17}},"27":{"start":{"line":89,"column":23},"end":{"line":94,"column":3}},"28":{"start":{"line":90,"column":16},"end":{"line":90,"column":69}},"29":{"start":{"line":92,"column":17},"end":{"line":92,"column":33}},"30":{"start":{"line":93,"column":4},"end":{"line":93,"column":16}},"31":{"start":{"line":96,"column":26},"end":{"line":113,"column":3}},"32":{"start":{"line":97,"column":22},"end":{"line":97,"column":24}},"33":{"start":{"line":98,"column":4},"end":{"line":111,"column":5}},"34":{"start":{"line":99,"column":6},"end":{"line":110,"column":9}},"35":{"start":{"line":112,"column":4},"end":{"line":112,"column":34}},"36":{"start":{"line":115,"column":27},"end":{"line":124,"column":3}},"37":{"start":{"line":116,"column":19},"end":{"line":116,"column":61}},"38":{"start":{"line":117,"column":4},"end":{"line":117,"column":40}},"39":{"start":{"line":118,"column":25},"end":{"line":118,"column":27}},"40":{"start":{"line":119,"column":4},"end":{"line":121,"column":7}},"41":{"start":{"line":120,"column":6},"end":{"line":120,"column":63}},"42":{"start":{"line":122,"column":4},"end":{"line":122,"column":33}},"43":{"start":{"line":123,"column":4},"end":{"line":123,"column":28}},"44":{"start":{"line":127,"column":16},"end":{"line":127,"column":18}},"45":{"start":{"line":128,"column":4},"end":{"line":130,"column":75}},"46":{"start":{"line":128,"column":24},"end":{"line":128,"column":41}},"47":{"start":{"line":129,"column":6},"end":{"line":130,"column":75}},"48":{"start":{"line":129,"column":26},"end":{"line":129,"column":43}},"49":{"start":{"line":130,"column":8},"end":{"line":130,"column":75}},"50":{"start":{"line":130,"column":28},"end":{"line":130,"column":45}},"51":{"start":{"line":130,"column":55},"end":{"line":130,"column":73}},"52":{"start":{"line":131,"column":4},"end":{"line":131,"column":17}},"53":{"start":{"line":182,"column":28},"end":{"line":189,"column":3}},"54":{"start":{"line":183,"column":21},"end":{"line":186,"column":5}},"55":{"start":{"line":188,"column":4},"end":{"line":188,"column":20}},"56":{"start":{"line":191,"column":2},"end":{"line":218,"column":5}},"57":{"start":{"line":192,"column":4},"end":{"line":217,"column":7}},"58":{"start":{"line":193,"column":6},"end":{"line":216,"column":7}},"59":{"start":{"line":194,"column":20},"end":{"line":194,"column":59}},"60":{"start":{"line":195,"column":8},"end":{"line":197,"column":9}},"61":{"start":{"line":196,"column":10},"end":{"line":196,"column":42}},"62":{"start":{"line":198,"column":8},"end":{"line":200,"column":9}},"63":{"start":{"line":199,"column":10},"end":{"line":199,"column":20}},"64":{"start":{"line":201,"column":8},"end":{"line":201,"column":36}},"65":{"start":{"line":202,"column":30},"end":{"line":215,"column":14}},"66":{"start":{"line":203,"column":10},"end":{"line":214,"column":11}},"67":{"start":{"line":204,"column":35},"end":{"line":204,"column":54}},"68":{"start":{"line":205,"column":12},"end":{"line":205,"column":41}},"69":{"start":{"line":206,"column":12},"end":{"line":213,"column":14}},"70":{"start":{"line":221,"column":24},"end":{"line":230,"column":3}},"71":{"start":{"line":222,"column":21},"end":{"line":222,"column":56}},"72":{"start":{"line":224,"column":12},"end":{"line":224,"column":53}},"73":{"start":{"line":225,"column":4},"end":{"line":227,"column":5}},"74":{"start":{"line":226,"column":6},"end":{"line":226,"column":37}},"75":{"start":{"line":229,"column":4},"end":{"line":229,"column":66}},"76":{"start":{"line":232,"column":22},"end":{"line":245,"column":3}},"77":{"start":{"line":233,"column":4},"end":{"line":244,"column":5}},"78":{"start":{"line":234,"column":6},"end":{"line":234,"column":41}},"79":{"start":{"line":235,"column":6},"end":{"line":239,"column":48}},"80":{"start":{"line":236,"column":8},"end":{"line":236,"column":58}},"81":{"start":{"line":237,"column":8},"end":{"line":237,"column":87}},"82":{"start":{"line":238,"column":8},"end":{"line":238,"column":60}},"83":{"start":{"line":239,"column":20},"end":{"line":239,"column":46}},"84":{"start":{"line":242,"column":6},"end":{"line":242,"column":31}},"85":{"start":{"line":243,"column":6},"end":{"line":243,"column":52}},"86":{"start":{"line":247,"column":25},"end":{"line":250,"column":3}},"87":{"start":{"line":248,"column":4},"end":{"line":248,"column":31}},"88":{"start":{"line":249,"column":4},"end":{"line":249,"column":35}},"89":{"start":{"line":257,"column":2},"end":{"line":376,"column":4}},"90":{"start":{"line":267,"column":10},"end":{"line":277,"column":12}},"91":{"start":{"line":268,"column":87},"end":{"line":268,"column":103}},"92":{"start":{"line":283,"column":10},"end":{"line":283,"column":79}},"93":{"start":{"line":296,"column":31},"end":{"line":296,"column":99}},"94":{"start":{"line":301,"column":31},"end":{"line":301,"column":47}},"95":{"start":{"line":339,"column":10},"end":{"line":371,"column":17}},"96":{"start":{"line":352,"column":33},"end":{"line":352,"column":101}},"97":{"start":{"line":361,"column":35},"end":{"line":361,"column":219}},"98":{"start":{"line":379,"column":10},"end":{"line":379,"column":81}},"99":{"start":{"line":379,"column":21},"end":{"line":379,"column":81}},"100":{"start":{"line":380,"column":15},"end":{"line":495,"column":2}}},"fnMap":{"0":{"name":"FindBikeNestScreen","decl":{"start":{"line":35,"column":24},"end":{"line":35,"column":42}},"loc":{"start":{"line":35,"column":59},"end":{"line":377,"column":1}},"line":35},"1":{"name":"(anonymous_1)","decl":{"start":{"line":69,"column":21},"end":{"line":69,"column":22}},"loc":{"start":{"line":69,"column":33},"end":{"line":72,"column":3}},"line":69},"2":{"name":"(anonymous_2)","decl":{"start":{"line":74,"column":12},"end":{"line":74,"column":13}},"loc":{"start":{"line":74,"column":18},"end":{"line":83,"column":3}},"line":74},"3":{"name":"(anonymous_3)","decl":{"start":{"line":75,"column":5},"end":{"line":75,"column":6}},"loc":{"start":{"line":75,"column":17},"end":{"line":82,"column":5}},"line":75},"4":{"name":"(anonymous_4)","decl":{"start":{"line":85,"column":12},"end":{"line":85,"column":13}},"loc":{"start":{"line":85,"column":18},"end":{"line":87,"column":3}},"line":85},"5":{"name":"(anonymous_5)","decl":{"start":{"line":89,"column":23},"end":{"line":89,"column":24}},"loc":{"start":{"line":89,"column":37},"end":{"line":94,"column":3}},"line":89},"6":{"name":"(anonymous_6)","decl":{"start":{"line":96,"column":26},"end":{"line":96,"column":27}},"loc":{"start":{"line":96,"column":46},"end":{"line":113,"column":3}},"line":96},"7":{"name":"(anonymous_7)","decl":{"start":{"line":115,"column":27},"end":{"line":115,"column":28}},"loc":{"start":{"line":115,"column":50},"end":{"line":124,"column":3}},"line":115},"8":{"name":"(anonymous_8)","decl":{"start":{"line":119,"column":20},"end":{"line":119,"column":21}},"loc":{"start":{"line":119,"column":39},"end":{"line":121,"column":5}},"line":119},"9":{"name":"getColor","decl":{"start":{"line":126,"column":11},"end":{"line":126,"column":19}},"loc":{"start":{"line":126,"column":30},"end":{"line":132,"column":3}},"line":126},"10":{"name":"(anonymous_10)","decl":{"start":{"line":182,"column":28},"end":{"line":182,"column":29}},"loc":{"start":{"line":182,"column":55},"end":{"line":189,"column":3}},"line":182},"11":{"name":"(anonymous_11)","decl":{"start":{"line":191,"column":12},"end":{"line":191,"column":13}},"loc":{"start":{"line":191,"column":18},"end":{"line":218,"column":3}},"line":191},"12":{"name":"(anonymous_12)","decl":{"start":{"line":192,"column":29},"end":{"line":192,"column":30}},"loc":{"start":{"line":192,"column":44},"end":{"line":217,"column":5}},"line":192},"13":{"name":"(anonymous_13)","decl":{"start":{"line":202,"column":41},"end":{"line":202,"column":42}},"loc":{"start":{"line":202,"column":47},"end":{"line":215,"column":9}},"line":202},"14":{"name":"(anonymous_14)","decl":{"start":{"line":221,"column":24},"end":{"line":221,"column":25}},"loc":{"start":{"line":221,"column":42},"end":{"line":230,"column":3}},"line":221},"15":{"name":"(anonymous_15)","decl":{"start":{"line":232,"column":22},"end":{"line":232,"column":23}},"loc":{"start":{"line":232,"column":50},"end":{"line":245,"column":3}},"line":232},"16":{"name":"(anonymous_16)","decl":{"start":{"line":235,"column":60},"end":{"line":235,"column":61}},"loc":{"start":{"line":235,"column":74},"end":{"line":239,"column":7}},"line":235},"17":{"name":"(anonymous_17)","decl":{"start":{"line":239,"column":14},"end":{"line":239,"column":15}},"loc":{"start":{"line":239,"column":20},"end":{"line":239,"column":46}},"line":239},"18":{"name":"(anonymous_18)","decl":{"start":{"line":247,"column":25},"end":{"line":247,"column":26}},"loc":{"start":{"line":247,"column":31},"end":{"line":250,"column":3}},"line":247},"19":{"name":"(anonymous_19)","decl":{"start":{"line":266,"column":26},"end":{"line":266,"column":27}},"loc":{"start":{"line":266,"column":45},"end":{"line":278,"column":9}},"line":266},"20":{"name":"(anonymous_20)","decl":{"start":{"line":268,"column":80},"end":{"line":268,"column":81}},"loc":{"start":{"line":268,"column":87},"end":{"line":268,"column":103}},"line":268},"21":{"name":"(anonymous_21)","decl":{"start":{"line":282,"column":24},"end":{"line":282,"column":25}},"loc":{"start":{"line":282,"column":30},"end":{"line":284,"column":9}},"line":282},"22":{"name":"(anonymous_22)","decl":{"start":{"line":296,"column":25},"end":{"line":296,"column":26}},"loc":{"start":{"line":296,"column":31},"end":{"line":296,"column":99}},"line":296},"23":{"name":"(anonymous_23)","decl":{"start":{"line":301,"column":25},"end":{"line":301,"column":26}},"loc":{"start":{"line":301,"column":31},"end":{"line":301,"column":47}},"line":301},"24":{"name":"(anonymous_24)","decl":{"start":{"line":338,"column":26},"end":{"line":338,"column":27}},"loc":{"start":{"line":339,"column":10},"end":{"line":371,"column":17}},"line":339},"25":{"name":"(anonymous_25)","decl":{"start":{"line":352,"column":27},"end":{"line":352,"column":28}},"loc":{"start":{"line":352,"column":33},"end":{"line":352,"column":101}},"line":352},"26":{"name":"(anonymous_26)","decl":{"start":{"line":361,"column":27},"end":{"line":361,"column":28}},"loc":{"start":{"line":361,"column":33},"end":{"line":361,"column":221}},"line":361},"27":{"name":"(anonymous_27)","decl":{"start":{"line":379,"column":10},"end":{"line":379,"column":11}},"loc":{"start":{"line":379,"column":21},"end":{"line":379,"column":81}},"line":379}},"branchMap":{"0":{"loc":{"start":{"line":77,"column":6},"end":{"line":81,"column":7}},"type":"if","locations":[{"start":{"line":77,"column":6},"end":{"line":81,"column":7}},{"start":{"line":77,"column":6},"end":{"line":81,"column":7}}],"line":77},"1":{"loc":{"start":{"line":128,"column":4},"end":{"line":130,"column":75}},"type":"if","locations":[{"start":{"line":128,"column":4},"end":{"line":130,"column":75}},{"start":{"line":128,"column":4},"end":{"line":130,"column":75}}],"line":128},"2":{"loc":{"start":{"line":129,"column":6},"end":{"line":130,"column":75}},"type":"if","locations":[{"start":{"line":129,"column":6},"end":{"line":130,"column":75}},{"start":{"line":129,"column":6},"end":{"line":130,"column":75}}],"line":129},"3":{"loc":{"start":{"line":130,"column":8},"end":{"line":130,"column":75}},"type":"if","locations":[{"start":{"line":130,"column":8},"end":{"line":130,"column":75}},{"start":{"line":130,"column":8},"end":{"line":130,"column":75}}],"line":130},"4":{"loc":{"start":{"line":193,"column":6},"end":{"line":216,"column":7}},"type":"if","locations":[{"start":{"line":193,"column":6},"end":{"line":216,"column":7}},{"start":{"line":193,"column":6},"end":{"line":216,"column":7}}],"line":193},"5":{"loc":{"start":{"line":195,"column":8},"end":{"line":197,"column":9}},"type":"if","locations":[{"start":{"line":195,"column":8},"end":{"line":197,"column":9}},{"start":{"line":195,"column":8},"end":{"line":197,"column":9}}],"line":195},"6":{"loc":{"start":{"line":198,"column":8},"end":{"line":200,"column":9}},"type":"if","locations":[{"start":{"line":198,"column":8},"end":{"line":200,"column":9}},{"start":{"line":198,"column":8},"end":{"line":200,"column":9}}],"line":198},"7":{"loc":{"start":{"line":203,"column":10},"end":{"line":214,"column":11}},"type":"if","locations":[{"start":{"line":203,"column":10},"end":{"line":214,"column":11}},{"start":{"line":203,"column":10},"end":{"line":214,"column":11}}],"line":203},"8":{"loc":{"start":{"line":225,"column":4},"end":{"line":227,"column":5}},"type":"if","locations":[{"start":{"line":225,"column":4},"end":{"line":227,"column":5}},{"start":{"line":225,"column":4},"end":{"line":227,"column":5}}],"line":225},"9":{"loc":{"start":{"line":233,"column":4},"end":{"line":244,"column":5}},"type":"if","locations":[{"start":{"line":233,"column":4},"end":{"line":244,"column":5}},{"start":{"line":233,"column":4},"end":{"line":244,"column":5}}],"line":233},"10":{"loc":{"start":{"line":272,"column":50},"end":{"line":272,"column":88}},"type":"cond-expr","locations":[{"start":{"line":272,"column":81},"end":{"line":272,"column":83}},{"start":{"line":272,"column":86},"end":{"line":272,"column":88}}],"line":272},"11":{"loc":{"start":{"line":288,"column":64},"end":{"line":288,"column":136}},"type":"cond-expr","locations":[{"start":{"line":288,"column":123},"end":{"line":288,"column":127}},{"start":{"line":288,"column":130},"end":{"line":288,"column":136}}],"line":288},"12":{"loc":{"start":{"line":323,"column":29},"end":{"line":323,"column":83}},"type":"cond-expr","locations":[{"start":{"line":323,"column":57},"end":{"line":323,"column":79}},{"start":{"line":323,"column":82},"end":{"line":323,"column":83}}],"line":323},"13":{"loc":{"start":{"line":347,"column":15},"end":{"line":347,"column":116}},"type":"cond-expr","locations":[{"start":{"line":347,"column":38},"end":{"line":347,"column":100}},{"start":{"line":347,"column":103},"end":{"line":347,"column":116}}],"line":347}},"s":{"0":1,"1":1,"2":1,"3":1,"4":1,"5":0,"6":0,"7":0,"8":0,"9":0,"10":0,"11":0,"12":0,"13":0,"14":0,"15":0,"16":0,"17":0,"18":0,"19":0,"20":0,"21":0,"22":0,"23":0,"24":0,"25":0,"26":0,"27":0,"28":0,"29":0,"30":0,"31":0,"32":0,"33":0,"34":0,"35":0,"36":0,"37":0,"38":0,"39":0,"40":0,"41":0,"42":0,"43":0,"44":0,"45":0,"46":0,"47":0,"48":0,"49":0,"50":0,"51":0,"52":0,"53":0,"54":0,"55":0,"56":0,"57":0,"58":0,"59":0,"60":0,"61":0,"62":0,"63":0,"64":0,"65":0,"66":0,"67":0,"68":0,"69":0,"70":0,"71":0,"72":0,"73":0,"74":0,"75":0,"76":0,"77":0,"78":0,"79":0,"80":0,"81":0,"82":0,"83":0,"84":0,"85":0,"86":0,"87":0,"88":0,"89":0,"90":0,"91":0,"92":0,"93":0,"94":0,"95":0,"96":0,"97":0,"98":1,"99":0,"100":1},"f":{"0":0,"1":0,"2":0,"3":0,"4":0,"5":0,"6":0,"7":0,"8":0,"9":0,"10":0,"11":0,"12":0,"13":0,"14":0,"15":0,"16":0,"17":0,"18":0,"19":0,"20":0,"21":0,"22":0,"23":0,"24":0,"25":0,"26":0,"27":0},"b":{"0":[0,0],"1":[0,0],"2":[0,0],"3":[0,0],"4":[0,0],"5":[0,0],"6":[0,0],"7":[0,0],"8":[0,0],"9":[0,0],"10":[0,0],"11":[0,0],"12":[0,0],"13":[0,0]},"_coverageSchema":"1a1c01bbd47fc00a2c39e90264f33305004495a9","hash":"7940ebf7626f9c6ed8f9c21c35197cd33756fd32"}
,"C:\\Users\\Niko\\Documents\\AMOS\\amos-ss2021-bike-nest\\code\\screens\\HistoryScreen.js": {"path":"C:\\Users\\Niko\\Documents\\AMOS\\amos-ss2021-bike-nest\\code\\screens\\HistoryScreen.js","statementMap":{"0":{"start":{"line":14,"column":12},"end":{"line":14,"column":42}},"1":{"start":{"line":15,"column":13},"end":{"line":15,"column":44}},"2":{"start":{"line":19,"column":23},"end":{"line":19,"column":43}},"3":{"start":{"line":21,"column":22},"end":{"line":32,"column":1}},"4":{"start":{"line":22,"column":4},"end":{"line":22,"column":50}},"5":{"start":{"line":24,"column":4},"end":{"line":31,"column":7}},"6":{"start":{"line":25,"column":6},"end":{"line":30,"column":7}},"7":{"start":{"line":26,"column":8},"end":{"line":26,"column":53}},"8":{"start":{"line":27,"column":8},"end":{"line":27,"column":43}},"9":{"start":{"line":29,"column":8},"end":{"line":29,"column":36}},"10":{"start":{"line":34,"column":2},"end":{"line":95,"column":4}},"11":{"start":{"line":38,"column":41},"end":{"line":38,"column":71}},"12":{"start":{"line":44,"column":41},"end":{"line":44,"column":76}},"13":{"start":{"line":83,"column":39},"end":{"line":83,"column":66}},"14":{"start":{"line":89,"column":39},"end":{"line":89,"column":58}},"15":{"start":{"line":98,"column":15},"end":{"line":232,"column":2}}},"fnMap":{"0":{"name":"HistoryScreen","decl":{"start":{"line":17,"column":24},"end":{"line":17,"column":37}},"loc":{"start":{"line":17,"column":54},"end":{"line":96,"column":1}},"line":17},"1":{"name":"(anonymous_1)","decl":{"start":{"line":21,"column":22},"end":{"line":21,"column":23}},"loc":{"start":{"line":21,"column":28},"end":{"line":32,"column":1}},"line":21},"2":{"name":"(anonymous_2)","decl":{"start":{"line":24,"column":45},"end":{"line":24,"column":46}},"loc":{"start":{"line":24,"column":57},"end":{"line":31,"column":5}},"line":24},"3":{"name":"(anonymous_3)","decl":{"start":{"line":38,"column":35},"end":{"line":38,"column":36}},"loc":{"start":{"line":38,"column":41},"end":{"line":38,"column":71}},"line":38},"4":{"name":"(anonymous_4)","decl":{"start":{"line":44,"column":35},"end":{"line":44,"column":36}},"loc":{"start":{"line":44,"column":41},"end":{"line":44,"column":76}},"line":44},"5":{"name":"(anonymous_5)","decl":{"start":{"line":83,"column":33},"end":{"line":83,"column":34}},"loc":{"start":{"line":83,"column":39},"end":{"line":83,"column":66}},"line":83},"6":{"name":"(anonymous_6)","decl":{"start":{"line":89,"column":33},"end":{"line":89,"column":34}},"loc":{"start":{"line":89,"column":39},"end":{"line":89,"column":58}},"line":89}},"branchMap":{"0":{"loc":{"start":{"line":25,"column":6},"end":{"line":30,"column":7}},"type":"if","locations":[{"start":{"line":25,"column":6},"end":{"line":30,"column":7}},{"start":{"line":25,"column":6},"end":{"line":30,"column":7}}],"line":25}},"s":{"0":1,"1":1,"2":0,"3":0,"4":0,"5":0,"6":0,"7":0,"8":0,"9":0,"10":0,"11":0,"12":0,"13":0,"14":0,"15":1},"f":{"0":0,"1":0,"2":0,"3":0,"4":0,"5":0,"6":0},"b":{"0":[0,0]},"_coverageSchema":"1a1c01bbd47fc00a2c39e90264f33305004495a9","hash":"d7389fd7d7538af85daea03d8f48850bd9c44549"}
,"C:\\Users\\Niko\\Documents\\AMOS\\amos-ss2021-bike-nest\\code\\screens\\LoadingScreen.js": {"path":"C:\\Users\\Niko\\Documents\\AMOS\\amos-ss2021-bike-nest\\code\\screens\\LoadingScreen.js","statementMap":{"0":{"start":{"line":10,"column":4},"end":{"line":18,"column":7}},"1":{"start":{"line":11,"column":8},"end":{"line":11,"column":32}},"2":{"start":{"line":13,"column":8},"end":{"line":14,"column":43}},"3":{"start":{"line":14,"column":12},"end":{"line":14,"column":43}},"4":{"start":{"line":16,"column":8},"end":{"line":16,"column":56}},"5":{"start":{"line":17,"column":8},"end":{"line":17,"column":43}},"6":{"start":{"line":20,"column":4},"end":{"line":24,"column":6}}},"fnMap":{"0":{"name":"LoginScreen","decl":{"start":{"line":9,"column":24},"end":{"line":9,"column":35}},"loc":{"start":{"line":9,"column":52},"end":{"line":25,"column":1}},"line":9},"1":{"name":"(anonymous_1)","decl":{"start":{"line":10,"column":44},"end":{"line":10,"column":45}},"loc":{"start":{"line":10,"column":56},"end":{"line":18,"column":5}},"line":10}},"branchMap":{"0":{"loc":{"start":{"line":13,"column":8},"end":{"line":14,"column":43}},"type":"if","locations":[{"start":{"line":13,"column":8},"end":{"line":14,"column":43}},{"start":{"line":13,"column":8},"end":{"line":14,"column":43}}],"line":13}},"s":{"0":1,"1":0,"2":0,"3":0,"4":0,"5":0,"6":1},"f":{"0":1,"1":0},"b":{"0":[0,0]},"_coverageSchema":"1a1c01bbd47fc00a2c39e90264f33305004495a9","hash":"27c6d6d3e924bd712d06dfbc30b011017f83a335"}
[...]
,"C:\\Users\\Niko\\Documents\\AMOS\\amos-ss2021-bike-nest\\code\\services\\UserData.js": {"path":"C:\\Users\\Niko\\Documents\\AMOS\\amos-ss2021-bike-nest\\code\\services\\UserData.js","statementMap":{"0":{"start":{"line":8,"column":8},"end":{"line":8,"column":21}},"1":{"start":{"line":12,"column":8},"end":{"line":12,"column":28}},"2":{"start":{"line":16,"column":8},"end":{"line":16,"column":49}},"3":{"start":{"line":20,"column":8},"end":{"line":20,"column":21}},"4":{"start":{"line":24,"column":8},"end":{"line":24,"column":21}},"5":{"start":{"line":28,"column":8},"end":{"line":28,"column":20}},"6":{"start":{"line":32,"column":8},"end":{"line":32,"column":21}}},"fnMap":{"0":{"name":"(anonymous_0)","decl":{"start":{"line":7,"column":4},"end":{"line":7,"column":5}},"loc":{"start":{"line":7,"column":18},"end":{"line":9,"column":5}},"line":7},"1":{"name":"(anonymous_1)","decl":{"start":{"line":11,"column":4},"end":{"line":11,"column":5}},"loc":{"start":{"line":11,"column":17},"end":{"line":13,"column":5}},"line":11},"2":{"name":"(anonymous_2)","decl":{"start":{"line":15,"column":4},"end":{"line":15,"column":5}},"loc":{"start":{"line":15,"column":14},"end":{"line":17,"column":5}},"line":15},"3":{"name":"(anonymous_3)","decl":{"start":{"line":19,"column":4},"end":{"line":19,"column":5}},"loc":{"start":{"line":19,"column":30},"end":{"line":21,"column":5}},"line":19},"4":{"name":"(anonymous_4)","decl":{"start":{"line":23,"column":4},"end":{"line":23,"column":5}},"loc":{"start":{"line":23,"column":28},"end":{"line":25,"column":5}},"line":23},"5":{"name":"(anonymous_5)","decl":{"start":{"line":27,"column":4},"end":{"line":27,"column":5}},"loc":{"start":{"line":27,"column":22},"end":{"line":29,"column":5}},"line":27},"6":{"name":"(anonymous_6)","decl":{"start":{"line":31,"column":4},"end":{"line":31,"column":5}},"loc":{"start":{"line":31,"column":44},"end":{"line":33,"column":5}},"line":31}},"branchMap":{},"s":{"0":0,"1":0,"2":0,"3":0,"4":0,"5":0,"6":0},"f":{"0":0,"1":0,"2":0,"3":0,"4":0,"5":0,"6":0},"b":{},"_coverageSchema":"1a1c01bbd47fc00a2c39e90264f33305004495a9","hash":"3afe6192d9ea286d5c399b1cc82e9fe35e8c48ec"}
,"C:\\Users\\Niko\\Documents\\AMOS\\amos-ss2021-bike-nest\\code\\services\\UserService.js": {"path":"C:\\Users\\Niko\\Documents\\AMOS\\amos-ss2021-bike-nest\\code\\services\\UserService.js","statementMap":{"0":{"start":{"line":24,"column":22},"end":{"line":27,"column":9}},"1":{"start":{"line":29,"column":8},"end":{"line":47,"column":15}},"2":{"start":{"line":34,"column":32},"end":{"line":34,"column":47}},"3":{"start":{"line":36,"column":16},"end":{"line":36,"column":74}},"4":{"start":{"line":37,"column":16},"end":{"line":42,"column":17}},"5":{"start":{"line":38,"column":20},"end":{"line":38,"column":61}},"6":{"start":{"line":39,"column":20},"end":{"line":39,"column":62}},"7":{"start":{"line":41,"column":20},"end":{"line":41,"column":69}},"8":{"start":{"line":45,"column":16},"end":{"line":45,"column":58}},"9":{"start":{"line":46,"column":16},"end":{"line":46,"column":59}},"10":{"start":{"line":69,"column":22},"end":{"line":74,"column":9}},"11":{"start":{"line":76,"column":8},"end":{"line":94,"column":15}},"12":{"start":{"line":81,"column":32},"end":{"line":81,"column":47}},"13":{"start":{"line":83,"column":16},"end":{"line":83,"column":77}},"14":{"start":{"line":84,"column":16},"end":{"line":89,"column":17}},"15":{"start":{"line":85,"column":20},"end":{"line":85,"column":61}},"16":{"start":{"line":86,"column":20},"end":{"line":86,"column":62}},"17":{"start":{"line":88,"column":20},"end":{"line":88,"column":69}},"18":{"start":{"line":92,"column":16},"end":{"line":92,"column":61}},"19":{"start":{"line":93,"column":16},"end":{"line":93,"column":59}},"20":{"start":{"line":98,"column":22},"end":{"line":101,"column":9}},"21":{"start":{"line":103,"column":18},"end":{"line":103,"column":55}},"22":{"start":{"line":105,"column":8},"end":{"line":125,"column":15}},"23":{"start":{"line":113,"column":32},"end":{"line":113,"column":47}},"24":{"start":{"line":115,"column":16},"end":{"line":115,"column":79}},"25":{"start":{"line":116,"column":16},"end":{"line":120,"column":17}},"26":{"start":{"line":117,"column":20},"end":{"line":117,"column":62}},"27":{"start":{"line":119,"column":20},"end":{"line":119,"column":69}},"28":{"start":{"line":123,"column":16},"end":{"line":123,"column":63}},"29":{"start":{"line":124,"column":16},"end":{"line":124,"column":59}},"30":{"start":{"line":134,"column":18},"end":{"line":134,"column":49}},"31":{"start":{"line":135,"column":8},"end":{"line":135,"column":27}},"32":{"start":{"line":140,"column":18},"end":{"line":140,"column":49}},"33":{"start":{"line":141,"column":22},"end":{"line":141,"column":44}},"34":{"start":{"line":142,"column":8},"end":{"line":142,"column":33}},"35":{"start":{"line":146,"column":18},"end":{"line":146,"column":49}},"36":{"start":{"line":147,"column":22},"end":{"line":147,"column":44}},"37":{"start":{"line":148,"column":8},"end":{"line":148,"column":32}},"38":{"start":{"line":152,"column":18},"end":{"line":152,"column":49}},"39":{"start":{"line":153,"column":22},"end":{"line":153,"column":44}},"40":{"start":{"line":154,"column":8},"end":{"line":154,"column":27}}},"fnMap":{"0":{"name":"(anonymous_0)","decl":{"start":{"line":23,"column":4},"end":{"line":23,"column":5}},"loc":{"start":{"line":23,"column":37},"end":{"line":48,"column":5}},"line":23},"1":{"name":"(anonymous_1)","decl":{"start":{"line":34,"column":18},"end":{"line":34,"column":19}},"loc":{"start":{"line":34,"column":32},"end":{"line":34,"column":47}},"line":34},"2":{"name":"(anonymous_2)","decl":{"start":{"line":35,"column":18},"end":{"line":35,"column":19}},"loc":{"start":{"line":35,"column":28},"end":{"line":43,"column":13}},"line":35},"3":{"name":"(anonymous_3)","decl":{"start":{"line":44,"column":19},"end":{"line":44,"column":20}},"loc":{"start":{"line":44,"column":30},"end":{"line":47,"column":13}},"line":44},"4":{"name":"(anonymous_4)","decl":{"start":{"line":68,"column":4},"end":{"line":68,"column":5}},"loc":{"start":{"line":68,"column":61},"end":{"line":95,"column":5}},"line":68},"5":{"name":"(anonymous_5)","decl":{"start":{"line":81,"column":18},"end":{"line":81,"column":19}},"loc":{"start":{"line":81,"column":32},"end":{"line":81,"column":47}},"line":81},"6":{"name":"(anonymous_6)","decl":{"start":{"line":82,"column":18},"end":{"line":82,"column":19}},"loc":{"start":{"line":82,"column":28},"end":{"line":90,"column":13}},"line":82},"7":{"name":"(anonymous_7)","decl":{"start":{"line":91,"column":19},"end":{"line":91,"column":20}},"loc":{"start":{"line":91,"column":30},"end":{"line":94,"column":13}},"line":91},"8":{"name":"(anonymous_8)","decl":{"start":{"line":97,"column":4},"end":{"line":97,"column":5}},"loc":{"start":{"line":97,"column":51},"end":{"line":126,"column":5}},"line":97},"9":{"name":"(anonymous_9)","decl":{"start":{"line":113,"column":18},"end":{"line":113,"column":19}},"loc":{"start":{"line":113,"column":32},"end":{"line":113,"column":47}},"line":113},"10":{"name":"(anonymous_10)","decl":{"start":{"line":114,"column":18},"end":{"line":114,"column":19}},"loc":{"start":{"line":114,"column":28},"end":{"line":121,"column":13}},"line":114},"11":{"name":"(anonymous_11)","decl":{"start":{"line":122,"column":19},"end":{"line":122,"column":20}},"loc":{"start":{"line":122,"column":30},"end":{"line":125,"column":13}},"line":122},"12":{"name":"(anonymous_12)","decl":{"start":{"line":132,"column":4},"end":{"line":132,"column":5}},"loc":{"start":{"line":132,"column":17},"end":{"line":136,"column":5}},"line":132},"13":{"name":"(anonymous_13)","decl":{"start":{"line":139,"column":4},"end":{"line":139,"column":5}},"loc":{"start":{"line":139,"column":19},"end":{"line":143,"column":5}},"line":139},"14":{"name":"(anonymous_14)","decl":{"start":{"line":145,"column":4},"end":{"line":145,"column":5}},"loc":{"start":{"line":145,"column":18},"end":{"line":149,"column":5}},"line":145},"15":{"name":"(anonymous_15)","decl":{"start":{"line":151,"column":4},"end":{"line":151,"column":5}},"loc":{"start":{"line":151,"column":15},"end":{"line":155,"column":5}},"line":151}},"branchMap":{"0":{"loc":{"start":{"line":37,"column":16},"end":{"line":42,"column":17}},"type":"if","locations":[{"start":{"line":37,"column":16},"end":{"line":42,"column":17}},{"start":{"line":37,"column":16},"end":{"line":42,"column":17}}],"line":37},"1":{"loc":{"start":{"line":84,"column":16},"end":{"line":89,"column":17}},"type":"if","locations":[{"start":{"line":84,"column":16},"end":{"line":89,"column":17}},{"start":{"line":84,"column":16},"end":{"line":89,"column":17}}],"line":84},"2":{"loc":{"start":{"line":116,"column":16},"end":{"line":120,"column":17}},"type":"if","locations":[{"start":{"line":116,"column":16},"end":{"line":120,"column":17}},{"start":{"line":116,"column":16},"end":{"line":120,"column":17}}],"line":116}},"s":{"0":0,"1":0,"2":0,"3":0,"4":0,"5":0,"6":0,"7":0,"8":0,"9":0,"10":0,"11":0,"12":0,"13":0,"14":0,"15":0,"16":0,"17":0,"18":0,"19":0,"20":0,"21":0,"22":0,"23":0,"24":0,"25":0,"26":0,"27":0,"28":0,"29":0,"30":0,"31":0,"32":0,"33":0,"34":0,"35":0,"36":0,"37":0,"38":0,"39":0,"40":0},"f":{"0":0,"1":0,"2":0,"3":0,"4":0,"5":0,"6":0,"7":0,"8":0,"9":0,"10":0,"11":0,"12":0,"13":0,"14":0,"15":0},"b":{"0":[0,0],"1":[0,0],"2":[0,0]},"_coverageSchema":"1a1c01bbd47fc00a2c39e90264f33305004495a9","hash":"7a0db99684790580d6609ea6adba0f6336ff5768"}
,"C:\\Users\\Niko\\Documents\\AMOS\\amos-ss2021-bike-nest\\code\\styles\\Colors.js": {"path":"C:\\Users\\Niko\\Documents\\AMOS\\amos-ss2021-bike-nest\\code\\styles\\Colors.js","statementMap":{"0":{"start":{"line":4,"column":28},"end":{"line":4,"column":45}},"1":{"start":{"line":5,"column":28},"end":{"line":5,"column":45}},"2":{"start":{"line":6,"column":28},"end":{"line":6,"column":45}},"3":{"start":{"line":7,"column":28},"end":{"line":7,"column":45}},"4":{"start":{"line":8,"column":28},"end":{"line":8,"column":45}},"5":{"start":{"line":10,"column":31},"end":{"line":10,"column":48}},"6":{"start":{"line":11,"column":29},"end":{"line":11,"column":46}},"7":{"start":{"line":13,"column":31},"end":{"line":13,"column":48}},"8":{"start":{"line":14,"column":31},"end":{"line":14,"column":48}},"9":{"start":{"line":15,"column":31},"end":{"line":15,"column":48}},"10":{"start":{"line":16,"column":31},"end":{"line":16,"column":48}},"11":{"start":{"line":17,"column":31},"end":{"line":17,"column":48}},"12":{"start":{"line":18,"column":31},"end":{"line":18,"column":48}},"13":{"start":{"line":21,"column":27},"end":{"line":21,"column":38}},"14":{"start":{"line":22,"column":27},"end":{"line":22,"column":38}},"15":{"start":{"line":23,"column":27},"end":{"line":23,"column":39}},"16":{"start":{"line":24,"column":27},"end":{"line":24,"column":38}},"17":{"start":{"line":25,"column":27},"end":{"line":25,"column":39}},"18":{"start":{"line":26,"column":27},"end":{"line":26,"column":38}},"19":{"start":{"line":27,"column":27},"end":{"line":27,"column":39}},"20":{"start":{"line":29,"column":31},"end":{"line":29,"column":43}},"21":{"start":{"line":30,"column":31},"end":{"line":30,"column":43}},"22":{"start":{"line":31,"column":31},"end":{"line":31,"column":43}},"23":{"start":{"line":32,"column":31},"end":{"line":32,"column":43}},"24":{"start":{"line":33,"column":31},"end":{"line":33,"column":43}},"25":{"start":{"line":34,"column":31},"end":{"line":34,"column":43}},"26":{"start":{"line":35,"column":31},"end":{"line":35,"column":43}}},"fnMap":{"0":{"name":"(anonymous_0)","decl":{"start":{"line":4,"column":2},"end":{"line":4,"column":3}},"loc":{"start":{"line":4,"column":26},"end":{"line":4,"column":47}},"line":4},"1":{"name":"(anonymous_1)","decl":{"start":{"line":5,"column":2},"end":{"line":5,"column":3}},"loc":{"start":{"line":5,"column":26},"end":{"line":5,"column":47}},"line":5},"2":{"name":"(anonymous_2)","decl":{"start":{"line":6,"column":2},"end":{"line":6,"column":3}},"loc":{"start":{"line":6,"column":26},"end":{"line":6,"column":47}},"line":6},"3":{"name":"(anonymous_3)","decl":{"start":{"line":7,"column":2},"end":{"line":7,"column":3}},"loc":{"start":{"line":7,"column":26},"end":{"line":7,"column":47}},"line":7},"4":{"name":"(anonymous_4)","decl":{"start":{"line":8,"column":2},"end":{"line":8,"column":3}},"loc":{"start":{"line":8,"column":26},"end":{"line":8,"column":47}},"line":8},"5":{"name":"(anonymous_5)","decl":{"start":{"line":10,"column":2},"end":{"line":10,"column":3}},"loc":{"start":{"line":10,"column":29},"end":{"line":10,"column":50}},"line":10},"6":{"name":"(anonymous_6)","decl":{"start":{"line":11,"column":2},"end":{"line":11,"column":3}},"loc":{"start":{"line":11,"column":27},"end":{"line":11,"column":48}},"line":11},"7":{"name":"(anonymous_7)","decl":{"start":{"line":13,"column":2},"end":{"line":13,"column":3}},"loc":{"start":{"line":13,"column":29},"end":{"line":13,"column":50}},"line":13},"8":{"name":"(anonymous_8)","decl":{"start":{"line":14,"column":2},"end":{"line":14,"column":3}},"loc":{"start":{"line":14,"column":29},"end":{"line":14,"column":50}},"line":14},"9":{"name":"(anonymous_9)","decl":{"start":{"line":15,"column":2},"end":{"line":15,"column":3}},"loc":{"start":{"line":15,"column":29},"end":{"line":15,"column":50}},"line":15},"10":{"name":"(anonymous_10)","decl":{"start":{"line":16,"column":2},"end":{"line":16,"column":3}},"loc":{"start":{"line":16,"column":29},"end":{"line":16,"column":50}},"line":16},"11":{"name":"(anonymous_11)","decl":{"start":{"line":17,"column":2},"end":{"line":17,"column":3}},"loc":{"start":{"line":17,"column":29},"end":{"line":17,"column":50}},"line":17},"12":{"name":"(anonymous_12)","decl":{"start":{"line":18,"column":2},"end":{"line":18,"column":3}},"loc":{"start":{"line":18,"column":29},"end":{"line":18,"column":50}},"line":18},"13":{"name":"(anonymous_13)","decl":{"start":{"line":21,"column":2},"end":{"line":21,"column":3}},"loc":{"start":{"line":21,"column":25},"end":{"line":21,"column":40}},"line":21},"14":{"name":"(anonymous_14)","decl":{"start":{"line":22,"column":2},"end":{"line":22,"column":3}},"loc":{"start":{"line":22,"column":25},"end":{"line":22,"column":40}},"line":22},"15":{"name":"(anonymous_15)","decl":{"start":{"line":23,"column":2},"end":{"line":23,"column":3}},"loc":{"start":{"line":23,"column":25},"end":{"line":23,"column":41}},"line":23},"16":{"name":"(anonymous_16)","decl":{"start":{"line":24,"column":2},"end":{"line":24,"column":3}},"loc":{"start":{"line":24,"column":25},"end":{"line":24,"column":40}},"line":24},"17":{"name":"(anonymous_17)","decl":{"start":{"line":25,"column":2},"end":{"line":25,"column":3}},"loc":{"start":{"line":25,"column":25},"end":{"line":25,"column":41}},"line":25},"18":{"name":"(anonymous_18)","decl":{"start":{"line":26,"column":2},"end":{"line":26,"column":3}},"loc":{"start":{"line":26,"column":25},"end":{"line":26,"column":40}},"line":26},"19":{"name":"(anonymous_19)","decl":{"start":{"line":27,"column":2},"end":{"line":27,"column":3}},"loc":{"start":{"line":27,"column":25},"end":{"line":27,"column":41}},"line":27},"20":{"name":"(anonymous_20)","decl":{"start":{"line":29,"column":2},"end":{"line":29,"column":3}},"loc":{"start":{"line":29,"column":29},"end":{"line":29,"column":45}},"line":29},"21":{"name":"(anonymous_21)","decl":{"start":{"line":30,"column":2},"end":{"line":30,"column":3}},"loc":{"start":{"line":30,"column":29},"end":{"line":30,"column":45}},"line":30},"22":{"name":"(anonymous_22)","decl":{"start":{"line":31,"column":2},"end":{"line":31,"column":3}},"loc":{"start":{"line":31,"column":29},"end":{"line":31,"column":45}},"line":31},"23":{"name":"(anonymous_23)","decl":{"start":{"line":32,"column":2},"end":{"line":32,"column":3}},"loc":{"start":{"line":32,"column":29},"end":{"line":32,"column":45}},"line":32},"24":{"name":"(anonymous_24)","decl":{"start":{"line":33,"column":2},"end":{"line":33,"column":3}},"loc":{"start":{"line":33,"column":29},"end":{"line":33,"column":45}},"line":33},"25":{"name":"(anonymous_25)","decl":{"start":{"line":34,"column":2},"end":{"line":34,"column":3}},"loc":{"start":{"line":34,"column":29},"end":{"line":34,"column":45}},"line":34},"26":{"name":"(anonymous_26)","decl":{"start":{"line":35,"column":2},"end":{"line":35,"column":3}},"loc":{"start":{"line":35,"column":29},"end":{"line":35,"column":45}},"line":35}},"branchMap":{},"s":{"0":0,"1":0,"2":5,"3":4,"4":8,"5":0,"6":0,"7":0,"8":0,"9":0,"10":0,"11":0,"12":0,"13":0,"14":0,"15":0,"16":0,"17":0,"18":0,"19":0,"20":0,"21":0,"22":0,"23":0,"24":0,"25":0,"26":0},"f":{"0":0,"1":0,"2":5,"3":4,"4":8,"5":0,"6":0,"7":0,"8":0,"9":0,"10":0,"11":0,"12":0,"13":0,"14":0,"15":0,"16":0,"17":0,"18":0,"19":0,"20":0,"21":0,"22":0,"23":0,"24":0,"25":0,"26":0},"b":{},"_coverageSchema":"1a1c01bbd47fc00a2c39e90264f33305004495a9","hash":"89ff1cd3ae21b1db5ab1e0be879212a32d7191ae"}
,"C:\\Users\\Niko\\Documents\\AMOS\\amos-ss2021-bike-nest\\code\\styles\\MainStyles.js": {"path":"C:\\Users\\Niko\\Documents\\AMOS\\amos-ss2021-bike-nest\\code\\styles\\MainStyles.js","statementMap":{"0":{"start":{"line":4,"column":26},"end":{"line":178,"column":2}}},"fnMap":{},"branchMap":{},"s":{"0":1},"f":{},"b":{},"_coverageSchema":"1a1c01bbd47fc00a2c39e90264f33305004495a9","hash":"c841eeb4fd38149ad4fb3710a9b0562b5ed16a4e"}
,"C:\\Users\\Niko\\Documents\\AMOS\\amos-ss2021-bike-nest\\code\\tools\\mapData.js": {"path":"C:\\Users\\Niko\\Documents\\AMOS\\amos-ss2021-bike-nest\\code\\tools\\mapData.js","statementMap":{"0":{"start":{"line":1,"column":19},"end":{"line":1,"column":53}},"1":{"start":{"line":4,"column":16},"end":{"line":4,"column":18}},"2":{"start":{"line":5,"column":4},"end":{"line":8,"column":33}},"3":{"start":{"line":5,"column":24},"end":{"line":5,"column":41}},"4":{"start":{"line":6,"column":8},"end":{"line":8,"column":33}},"5":{"start":{"line":6,"column":28},"end":{"line":6,"column":45}},"6":{"start":{"line":7,"column":12},"end":{"line":8,"column":33}},"7":{"start":{"line":7,"column":32},"end":{"line":7,"column":49}},"8":{"start":{"line":8,"column":16},"end":{"line":8,"column":33}},"9":{"start":{"line":9,"column":4},"end":{"line":9,"column":17}},"10":{"start":{"line":12,"column":23},"end":{"line":57,"column":1}}},"fnMap":{"0":{"name":"getColor","decl":{"start":{"line":3,"column":9},"end":{"line":3,"column":17}},"loc":{"start":{"line":3,"column":28},"end":{"line":10,"column":1}},"line":3}},"branchMap":{"0":{"loc":{"start":{"line":5,"column":4},"end":{"line":8,"column":33}},"type":"if","locations":[{"start":{"line":5,"column":4},"end":{"line":8,"column":33}},{"start":{"line":5,"column":4},"end":{"line":8,"column":33}}],"line":5},"1":{"loc":{"start":{"line":6,"column":8},"end":{"line":8,"column":33}},"type":"if","locations":[{"start":{"line":6,"column":8},"end":{"line":8,"column":33}},{"start":{"line":6,"column":8},"end":{"line":8,"column":33}}],"line":6},"2":{"loc":{"start":{"line":7,"column":12},"end":{"line":8,"column":33}},"type":"if","locations":[{"start":{"line":7,"column":12},"end":{"line":8,"column":33}},{"start":{"line":7,"column":12},"end":{"line":8,"column":33}}],"line":7}},"s":{"0":1,"1":4,"2":4,"3":0,"4":4,"5":1,"6":3,"7":1,"8":2,"9":4,"10":1},"f":{"0":4},"b":{"0":[0,4],"1":[1,3],"2":[1,2]},"_coverageSchema":"1a1c01bbd47fc00a2c39e90264f33305004495a9","hash":"93f43d63f8ccccd19728ad6295070589bf0db83c"}
}
